[INFO ] 2022-11-27 17:48:08.418 [main] Log - Launching Firefox
[INFO ] 2022-11-27 17:48:14.728 [main] Log - https://www.bestbuy.com
[INFO ] 2022-11-27 17:48:16.760 [main] Log - alisyedkaif@gmail.com
[INFO ] 2022-11-27 17:48:16.778 [main] Log - Password123
[INFO ] 2022-11-27 18:19:47.344 [main] Log - Launching Firefox
[INFO ] 2022-11-27 18:19:55.356 [main] Log - https://www.bestbuy.com
[INFO ] 2022-11-27 18:19:55.844 [main] Log - adb@yahoo.com  gfaxz3398
[INFO ] 2022-11-27 18:19:55.846 [main] Log - adbgmail.com  tsabf5425
[INFO ] 2022-11-27 18:19:55.847 [main] Log - adb@cloud  erxct9712
[INFO ] 2022-11-27 18:28:44.565 [main] Log - Launching Firefox
[INFO ] 2022-11-27 18:28:48.350 [main] Log - https://www.bestbuy.com
[INFO ] 2022-11-27 18:28:50.591 [main] Log - adb@yahoo.com
[INFO ] 2022-11-27 18:28:50.608 [main] Log - gfaxz3398
[INFO ] 2022-11-27 18:28:50.609 [main] Log - adb@yahoo.com  gfaxz3398
[INFO ] 2022-11-28 00:17:55.899 [main] Log - asds@gmail.com  gfaxz23w
[INFO ] 2022-11-28 00:17:55.903 [main] Log - awdw231.com  ghadi924
[INFO ] 2022-11-28 00:17:55.904 [main] Log - 124scsec@icloud  msgvb97
[INFO ] 2022-11-28 00:24:10.858 [main] Log - Launching Firefox
[INFO ] 2022-11-28 00:24:17.157 [main] Log - https://www.bestbuy.com
[INFO ] 2022-11-28 00:24:18.424 [main] Log - Account
[INFO ] 2022-11-28 00:24:20.555 [main] Log - asds@gmail.com
[INFO ] 2022-11-28 00:24:20.580 [main] Log - gfaxz23w
[INFO ] 2022-11-28 00:24:20.580 [main] Log - asds@gmail.com  gfaxz23w
[INFO ] 2022-11-28 00:34:23.140 [main] Log - Launching Firefox
[INFO ] 2022-11-28 00:34:27.514 [main] Log - https://www.bestbuy.com
[INFO ] 2022-11-28 00:36:38.479 [main] Log - Launching Firefox
[INFO ] 2022-11-28 00:36:39.183 [main] Log - https://www.facebook.com
[INFO ] 2022-11-28 00:36:40.181 [main] Log - asds@gmail.com  gfaxz23w
[INFO ] 2022-11-28 00:36:40.211 [main] Log - awdw231.com  ghadi924
[INFO ] 2022-11-28 00:36:40.236 [main] Log - 124scsec@icloud  msgvb97
[INFO ] 2022-11-28 00:40:35.530 [main] Log - Launching Firefox
[INFO ] 2022-11-28 00:40:36.265 [main] Log - https://www.facebook.com
[INFO ] 2022-11-28 00:40:37.252 [main] Log - asds@gmail.com
[INFO ] 2022-11-28 00:40:37.265 [main] Log - gfaxz23w
[INFO ] 2022-11-28 00:40:37.282 [main] Log - awdw231.com
[INFO ] 2022-11-28 00:40:37.294 [main] Log - ghadi924
[INFO ] 2022-11-28 00:40:37.309 [main] Log - 124scsec@icloud
[INFO ] 2022-11-28 00:40:37.319 [main] Log - msgvb97
[INFO ] 2022-11-28 00:43:08.971 [main] Log - Launching Firefox
[INFO ] 2022-11-28 00:43:09.876 [main] Log - https://www.facebook.com
[INFO ] 2022-11-28 00:43:13.364 [main] Log - asds@gmail.com
[INFO ] 2022-11-28 00:43:13.375 [main] Log - gfaxz23w
[INFO ] 2022-11-28 00:43:13.389 [main] Log - awdw231.com
[INFO ] 2022-11-28 00:43:13.402 [main] Log - ghadi924
[INFO ] 2022-11-28 00:43:13.417 [main] Log - 124scsec@icloud
[INFO ] 2022-11-28 00:43:13.425 [main] Log - msgvb97
[INFO ] 2022-11-28 00:47:13.659 [main] Log - Launching Firefox
[INFO ] 2022-11-28 00:47:14.165 [main] Log - https://www.facebook.com
[INFO ] 2022-11-28 00:47:15.143 [main] Log - asds@gmail.com
[INFO ] 2022-11-28 00:47:15.164 [main] Log - gfaxz23w
[INFO ] 2022-11-28 00:47:15.479 [main] Log - awdw231.com
[INFO ] 2022-11-28 00:47:15.491 [main] Log - ghadi924
[INFO ] 2022-11-28 00:47:15.776 [main] Log - 124scsec@icloud
[INFO ] 2022-11-28 00:47:15.786 [main] Log - msgvb97
[INFO ] 2022-11-28 00:51:08.829 [main] Log - Launching Firefox
[INFO ] 2022-11-28 00:51:09.575 [main] Log - https://www.facebook.com
[INFO ] 2022-11-28 00:51:10.557 [main] Log - asds@gmail.com
[INFO ] 2022-11-28 00:51:10.569 [main] Log - gfaxz23w
[INFO ] 2022-11-28 00:51:10.860 [main] Log - Page Refreshed
[INFO ] 2022-11-28 00:51:10.876 [main] Log - awdw231.com
[INFO ] 2022-11-28 00:51:10.887 [main] Log - ghadi924
[INFO ] 2022-11-28 00:51:11.234 [main] Log - Page Refreshed
[INFO ] 2022-11-28 00:51:11.254 [main] Log - 124scsec@icloud
[INFO ] 2022-11-28 00:51:11.265 [main] Log - msgvb97
[INFO ] 2022-11-28 00:51:11.504 [main] Log - Page Refreshed
[INFO ] 2022-11-28 01:02:29.337 [main] Log - Launching Firefox
[INFO ] 2022-11-28 01:02:35.414 [main] Log - https://www.bestbuy.com
[INFO ] 2022-11-28 01:02:36.648 [main] Log - Account
[INFO ] 2022-11-28 01:04:27.821 [main] Log - Launching Firefox
[INFO ] 2022-11-28 01:04:33.551 [main] Log - https://www.bestbuy.com
[INFO ] 2022-11-28 01:04:34.786 [main] Log - Account
[INFO ] 2022-11-28 01:05:08.374 [main] Log - Launching Firefox
[INFO ] 2022-11-28 01:05:13.848 [main] Log - https://www.bestbuy.com
[INFO ] 2022-11-28 01:05:15.284 [main] Log - Account
[INFO ] 2022-11-28 01:06:26.148 [main] Log - Launching Firefox
[INFO ] 2022-11-28 01:06:30.703 [main] Log - https://www.bestbuy.com
[INFO ] 2022-11-28 01:06:31.928 [main] Log - Account
[INFO ] 2022-11-28 01:08:41.785 [main] Log - Launching Firefox
[INFO ] 2022-11-28 01:08:46.448 [main] Log - https://www.bestbuy.com
[INFO ] 2022-11-28 01:08:47.669 [main] Log - Account
[INFO ] 2022-11-28 01:08:49.431 [main] Log - Clicked sign in
[INFO ] 2022-11-28 01:10:06.658 [main] Log - Launching Firefox
[INFO ] 2022-11-28 01:10:13.451 [main] Log - https://www.bestbuy.com
[INFO ] 2022-11-28 01:10:14.684 [main] Log - Account
[INFO ] 2022-11-28 01:10:17.198 [main] Log - Clicked sign in
[INFO ] 2022-11-28 01:10:17.249 [main] Log - asds@gmail.com
[INFO ] 2022-11-28 01:10:17.274 [main] Log - gfaxz23w
[INFO ] 2022-11-28 01:10:21.092 [main] Log - Refreshed
[INFO ] 2022-11-28 01:10:21.141 [main] Log - asds@gmail.com
[INFO ] 2022-11-28 01:10:21.166 [main] Log - gfaxz23w
[INFO ] 2022-11-28 01:13:06.647 [main] Log - Launching Firefox
[INFO ] 2022-11-28 01:13:11.616 [main] Log - https://www.bestbuy.com
[INFO ] 2022-11-28 01:13:12.841 [main] Log - Account
[INFO ] 2022-11-28 01:13:14.547 [main] Log - Clicked sign in
[INFO ] 2022-11-28 01:13:14.600 [main] Log - asds@gmail.com
[INFO ] 2022-11-28 01:13:14.653 [main] Log - gfaxz23w
[INFO ] 2022-11-28 01:13:14.668 [main] Log - Refreshed email
[INFO ] 2022-11-28 01:13:14.677 [main] Log - Refreshed pass
[INFO ] 2022-11-28 01:13:14.703 [main] Log - asds@gmail.com
[INFO ] 2022-11-28 01:13:14.722 [main] Log - gfaxz23w
[INFO ] 2022-11-28 01:15:03.239 [main] Log - Launching Firefox
[INFO ] 2022-11-28 01:15:08.635 [main] Log - https://www.bestbuy.com
[INFO ] 2022-11-28 01:15:09.882 [main] Log - Account
[INFO ] 2022-11-28 01:15:11.504 [main] Log - Clicked sign in
[INFO ] 2022-11-28 01:15:11.568 [main] Log - asds@gmail.com
[INFO ] 2022-11-28 01:15:11.615 [main] Log - gfaxz23w
[INFO ] 2022-11-28 01:15:13.714 [main] Log - asds@gmail.com
[INFO ] 2022-11-28 01:15:13.764 [main] Log - gfaxz23w
[INFO ] 2022-11-28 01:27:24.110 [main] Log - Launching Firefox
[INFO ] 2022-11-28 01:27:29.501 [main] Log - https://www.bestbuy.com
[INFO ] 2022-11-28 01:27:30.733 [main] Log - Account
[INFO ] 2022-11-28 01:27:32.590 [main] Log - Clicked sign in
[INFO ] 2022-11-28 01:27:32.671 [main] Log - asds@gmail.com
[INFO ] 2022-11-28 01:27:32.695 [main] Log - gfaxz23w
[INFO ] 2022-11-28 01:27:32.742 [main] Log - asds@gmail.com
[INFO ] 2022-11-28 01:27:32.761 [main] Log - gfaxz23w
[INFO ] 2022-11-28 01:28:40.833 [main] Log - Launching Firefox
[INFO ] 2022-11-28 01:28:44.250 [main] Log - https://www.bestbuy.com
[INFO ] 2022-11-28 01:28:47.009 [main] Log - Account
[INFO ] 2022-11-28 01:29:50.284 [main] Log - Launching Firefox
[INFO ] 2022-11-28 01:29:53.141 [main] Log - https://www.bestbuy.com
[INFO ] 2022-11-28 01:29:54.634 [main] Log - Account
[INFO ] 2022-11-28 01:29:56.621 [main] Log - Clicked sign in
[INFO ] 2022-11-28 01:29:56.680 [main] Log - asds@gmail.com
[INFO ] 2022-11-28 01:29:56.711 [main] Log - gfaxz23w
[INFO ] 2022-11-28 01:29:58.418 [main] Log - asds@gmail.com
[INFO ] 2022-11-28 01:29:58.455 [main] Log - gfaxz23w
[INFO ] 2022-11-28 01:32:04.181 [main] Log - Launching Firefox
[INFO ] 2022-11-28 01:32:09.547 [main] Log - https://www.bestbuy.com
[INFO ] 2022-11-28 01:32:10.989 [main] Log - Account
[INFO ] 2022-11-28 01:32:13.442 [main] Log - Clicked sign in
[INFO ] 2022-11-28 01:32:13.502 [main] Log - asds@gmail.com
[INFO ] 2022-11-28 01:32:13.527 [main] Log - gfaxz23w
[INFO ] 2022-11-28 01:32:15.724 [main] Log - asds@gmail.com
[INFO ] 2022-11-28 01:32:15.749 [main] Log - gfaxz23w
[INFO ] 2022-11-28 01:32:36.156 [main] Log - Launching Chrome
[INFO ] 2022-11-28 01:32:40.339 [main] Log - https://www.bestbuy.com
[INFO ] 2022-11-28 01:32:41.270 [main] Log - Account
[INFO ] 2022-11-28 01:32:46.267 [main] Log - Clicked sign in
[INFO ] 2022-11-28 01:32:46.412 [main] Log - asds@gmail.com
[INFO ] 2022-11-28 01:32:46.459 [main] Log - gfaxz23w
[INFO ] 2022-11-28 01:32:48.357 [main] Log - asds@gmail.com
[INFO ] 2022-11-28 01:32:48.402 [main] Log - gfaxz23w
[INFO ] 2022-11-28 02:59:42.641 [main] Log - Launching Firefox
[INFO ] 2022-11-28 02:59:45.103 [main] Log - https://www.saksfifthavenue.com
[INFO ] 2022-11-28 03:00:00.045 [main] Log - Launching Firefox
[INFO ] 2022-11-28 03:00:02.503 [main] Log - https://www.saksfifthavenue.com
[INFO ] 2022-11-28 03:01:16.605 [main] Log - Launching Firefox
[INFO ] 2022-11-28 03:01:18.620 [main] Log - https://www.saksfifthavenue.com
[INFO ] 2022-11-28 03:02:59.122 [main] Log - Launching Firefox
[INFO ] 2022-11-28 03:03:00.552 [main] Log - https://www.saksfifthavenue.com
[INFO ] 2022-11-28 03:04:41.751 [main] Log - Launching Firefox
[INFO ] 2022-11-28 03:04:43.562 [main] Log - https://www.saksfifthavenue.com
[INFO ] 2022-11-28 03:14:44.032 [main] Log - Launching Firefox
[INFO ] 2022-11-28 03:14:45.524 [main] Log - https://www.instagram.com/
[INFO ] 2022-11-28 03:15:10.889 [main] Log - Launching Firefox
[INFO ] 2022-11-28 03:15:11.609 [main] Log - https://www.instagram.com/
[INFO ] 2022-11-28 03:17:56.576 [main] Log - Launching Firefox
[INFO ] 2022-11-28 03:17:57.646 [main] Log - https://www.instagram.com/
[INFO ] 2022-12-07 13:54:58.964 [main] Log - Launching Firefox
[INFO ] 2022-12-07 13:54:59.727 [main] Log - https://www.instagram.com/
[INFO ] 2022-12-21 14:20:13.375 [main] Log - Launching Firefox
[INFO ] 2022-12-21 14:20:20.221 [main] Log - https://www.bestbuy.com/
[INFO ] 2022-12-21 14:20:21.021 [main] Log - Account
[INFO ] 2022-12-21 14:20:22.768 [main] Log - Clicked sign in
[INFO ] 2022-12-21 14:20:22.809 [main] Log - adb@yahoo.com
[INFO ] 2022-12-21 14:20:22.829 [main] Log - gfaxz3398
[INFO ] 2022-12-21 14:20:25.041 [main] Log - adb@yahoo.com
[INFO ] 2022-12-21 14:20:25.065 [main] Log - gfaxz3398
[INFO ] 2022-12-21 14:20:25.066 [main] Log - adb@yahoo.com  gfaxz3398
[INFO ] 2022-12-21 22:55:38.886 [main] Log - Launching Firefox
[INFO ] 2022-12-21 22:55:45.712 [main] Log - https://www.bestbuy.com/
[INFO ] 2022-12-21 22:55:46.549 [main] Log - Account
[INFO ] 2022-12-21 22:55:49.233 [main] Log - Clicked sign in
[INFO ] 2022-12-21 22:55:49.293 [main] Log - adb@yahoo.com
[INFO ] 2022-12-21 22:55:49.322 [main] Log - gfaxz3398
[INFO ] 2022-12-21 22:55:51.152 [main] Log - adb@yahoo.com
[INFO ] 2022-12-21 22:55:51.194 [main] Log - gfaxz3398
[INFO ] 2022-12-21 22:55:51.195 [main] Log - adb@yahoo.com  gfaxz3398
[INFO ] 2022-12-22 12:04:01.729 [main] Log - Launching Firefox
[INFO ] 2022-12-22 12:04:06.727 [main] Log - https://www.bestbuy.com/
[INFO ] 2022-12-22 12:04:07.507 [main] Log - Account
[INFO ] 2022-12-22 12:04:09.322 [main] Log - Clicked sign in
[INFO ] 2022-12-22 12:04:09.356 [main] Log - adb@yahoo.com
[INFO ] 2022-12-22 12:04:09.374 [main] Log - gfaxz3398
[INFO ] 2022-12-22 12:04:09.389 [main] Log - cleared
[INFO ] 2022-12-22 12:04:09.404 [main] Log - adb@yahoo.com
[INFO ] 2022-12-22 12:04:09.418 [main] Log - gfaxz3398
[INFO ] 2022-12-22 12:04:09.433 [main] Log - cleared
[INFO ] 2022-12-22 12:04:09.448 [main] Log - adb@yahoo.com
[INFO ] 2022-12-22 12:04:09.460 [main] Log - gfaxz3398
[INFO ] 2022-12-22 12:04:09.489 [main] Log - adb@yahoo.com
[INFO ] 2022-12-22 12:04:09.504 [main] Log - gfaxz3398
[INFO ] 2022-12-22 12:04:09.505 [main] Log - adb@yahoo.com  gfaxz3398
[INFO ] 2022-12-22 12:04:25.970 [main] Log - Launching Firefox
[INFO ] 2022-12-22 12:04:31.118 [main] Log - https://www.bestbuy.com/
[INFO ] 2022-12-22 12:04:31.874 [main] Log - Account
[INFO ] 2022-12-22 12:04:33.848 [main] Log - Clicked sign in
[INFO ] 2022-12-22 12:04:33.883 [main] Log - adb@yahoo.com
[INFO ] 2022-12-22 12:04:33.900 [main] Log - gfaxz3398
[INFO ] 2022-12-22 12:04:33.915 [main] Log - cleared
[INFO ] 2022-12-22 12:04:33.928 [main] Log - adb@yahoo.com
[INFO ] 2022-12-22 12:04:33.958 [main] Log - gfaxz3398
[INFO ] 2022-12-22 12:04:33.973 [main] Log - cleared
[INFO ] 2022-12-22 12:04:33.987 [main] Log - adb@yahoo.com
[INFO ] 2022-12-22 12:04:34.000 [main] Log - gfaxz3398
[INFO ] 2022-12-22 12:04:34.014 [main] Log - adb@yahoo.com
[INFO ] 2022-12-22 12:04:34.028 [main] Log - gfaxz3398
[INFO ] 2022-12-22 12:04:34.028 [main] Log - adb@yahoo.com  gfaxz3398
[INFO ] 2022-12-22 14:24:58.737 [main] Log - Launching Firefox
[INFO ] 2022-12-22 14:25:04.183 [main] Log - https://www.bestbuy.com/
[INFO ] 2022-12-22 14:25:04.953 [main] Log - Account
[INFO ] 2022-12-22 14:25:06.573 [main] Log - Clicked sign in
[INFO ] 2022-12-22 14:25:06.607 [main] Log - adb@yahoo.com
[INFO ] 2022-12-22 14:25:06.624 [main] Log - gfaxz3398
[INFO ] 2022-12-22 14:25:06.688 [main] Log - adb@yahoo.com
[INFO ] 2022-12-22 14:25:06.701 [main] Log - gfaxz3398
[INFO ] 2022-12-22 14:25:06.702 [main] Log - adb@yahoo.com  gfaxz3398
[INFO ] 2022-12-23 17:04:12.627 [main] Log - Launching Firefox
[INFO ] 2022-12-23 17:04:18.480 [main] Log - https://www.bestbuy.com/
[INFO ] 2022-12-23 17:04:19.263 [main] Log - Account
[INFO ] 2022-12-23 17:04:21.007 [main] Log - Clicked sign in
[INFO ] 2022-12-23 17:04:21.044 [main] Log - adb@yahoo.com
[INFO ] 2022-12-23 17:04:21.079 [main] Log - gfaxz3398
[INFO ] 2022-12-23 17:04:21.136 [main] Log - adb@yahoo.com
[INFO ] 2022-12-23 17:04:21.152 [main] Log - gfaxz3398
[INFO ] 2022-12-23 17:04:21.153 [main] Log - adb@yahoo.com  gfaxz3398
[INFO ] 2022-12-26 20:40:38.342 [main] Log - Launching Firefox
[INFO ] 2022-12-26 20:40:43.640 [main] Log - https://www.bestbuy.com/
[INFO ] 2022-12-26 20:40:44.456 [main] Log - Account
[INFO ] 2022-12-26 20:40:46.360 [main] Log - Clicked sign in
[INFO ] 2022-12-26 20:40:46.424 [main] Log - adb@yahoo.com
[INFO ] 2022-12-26 20:40:46.450 [main] Log - gfaxz3398
[INFO ] 2022-12-26 20:40:46.518 [main] Log - adb@yahoo.com
[INFO ] 2022-12-26 20:40:46.538 [main] Log - gfaxz3398
[INFO ] 2022-12-26 20:40:46.539 [main] Log - adb@yahoo.com  gfaxz3398
[INFO ] 2022-12-26 20:49:40.097 [main] Log - Launching Firefox
[INFO ] 2022-12-26 20:49:40.852 [main] Log - https://www.facebook.com/
[INFO ] 2022-12-26 20:51:39.718 [main] Log - Launching Firefox
[INFO ] 2022-12-26 20:51:40.237 [main] Log - https://www.facebook.com/
[INFO ] 2022-12-26 20:59:21.523 [main] Log - Launching Firefox
[INFO ] 2022-12-26 20:59:22.013 [main] Log - https://www.facebook.com/
[INFO ] 2022-12-26 21:05:17.799 [main] Log - Launching Firefox
[INFO ] 2022-12-26 21:05:18.372 [main] Log - https://www.facebook.com/
[INFO ] 2022-12-26 21:09:09.569 [main] Log - Launching Firefox
[INFO ] 2022-12-26 21:09:10.090 [main] Log - https://www.facebook.com/
[INFO ] 2022-12-26 21:09:10.820 [main] Log - alisyedkaif@gmail.com
[INFO ] 2022-12-26 21:09:10.836 [main] Log - gfaxz3398
[INFO ] 2022-12-26 21:09:11.107 [main] Log - Page Refreshed
[INFO ] 2022-12-26 21:09:11.126 [main] Log - alisyedkaif@gmail.com
[INFO ] 2022-12-26 21:09:11.142 [main] Log - gfaxz3398
[INFO ] 2022-12-26 21:09:11.393 [main] Log - Page Refreshed
[INFO ] 2022-12-26 21:09:11.416 [main] Log - alisyedkaif@gmail.com
[INFO ] 2022-12-26 21:09:11.428 [main] Log - gfaxz3398
[INFO ] 2022-12-26 21:09:11.699 [main] Log - Page Refreshed
[INFO ] 2022-12-26 21:09:11.718 [main] Log - alisyedkaif@gmail.com
[INFO ] 2022-12-26 21:09:11.730 [main] Log - gfaxz3398
[INFO ] 2022-12-26 21:09:11.996 [main] Log - Page Refreshed
[INFO ] 2022-12-26 21:09:12.013 [main] Log - alisyedkaif@gmail.com
[INFO ] 2022-12-26 21:09:12.025 [main] Log - gfaxz3398
[INFO ] 2022-12-26 21:09:12.317 [main] Log - Page Refreshed
[INFO ] 2022-12-26 21:09:12.334 [main] Log - alisyedkaif@gmail.com
[INFO ] 2022-12-26 21:09:12.345 [main] Log - gfaxz3398
[INFO ] 2022-12-26 21:09:12.599 [main] Log - Page Refreshed
[INFO ] 2022-12-26 21:09:12.615 [main] Log - alisyedkaif@gmail.com
[INFO ] 2022-12-26 21:09:12.626 [main] Log - gfaxz3398
[INFO ] 2022-12-26 21:09:12.889 [main] Log - Page Refreshed
[INFO ] 2022-12-26 21:09:12.906 [main] Log - alisyedkaif@gmail.com
[INFO ] 2022-12-26 21:09:12.919 [main] Log - gfaxz3398
[INFO ] 2022-12-26 21:09:13.168 [main] Log - Page Refreshed
[INFO ] 2022-12-26 21:09:13.190 [main] Log - alisyedkaif@gmail.com
[INFO ] 2022-12-26 21:09:13.202 [main] Log - gfaxz3398
[INFO ] 2022-12-26 21:09:13.464 [main] Log - Page Refreshed
[INFO ] 2022-12-26 21:09:13.481 [main] Log - alisyedkaif@gmail.com
[INFO ] 2022-12-26 21:09:13.491 [main] Log - gfaxz3398
[INFO ] 2022-12-26 21:09:13.750 [main] Log - Page Refreshed
[INFO ] 2022-12-26 21:09:13.767 [main] Log - alisyedkaif@gmail.com
[INFO ] 2022-12-26 21:09:13.776 [main] Log - gfaxz3398
[INFO ] 2022-12-26 21:09:14.047 [main] Log - Page Refreshed
[INFO ] 2022-12-26 21:09:14.063 [main] Log - alisyedkaif@gmail.com
[INFO ] 2022-12-26 21:09:14.074 [main] Log - gfaxz3398
[INFO ] 2022-12-26 21:09:14.336 [main] Log - Page Refreshed
[INFO ] 2022-12-26 21:09:14.353 [main] Log - alisyedkaif@gmail.com
[INFO ] 2022-12-26 21:09:14.363 [main] Log - gfaxz3398
[INFO ] 2022-12-26 21:09:14.609 [main] Log - Page Refreshed
[INFO ] 2022-12-26 21:09:14.626 [main] Log - alisyedkaif@gmail.com
[INFO ] 2022-12-26 21:09:14.638 [main] Log - gfaxz3398
[INFO ] 2022-12-26 21:09:14.909 [main] Log - Page Refreshed
[INFO ] 2022-12-26 21:09:14.927 [main] Log - alisyedkaif@gmail.com
[INFO ] 2022-12-26 21:09:14.939 [main] Log - gfaxz3398
[INFO ] 2022-12-26 21:09:15.185 [main] Log - Page Refreshed
[INFO ] 2022-12-26 21:09:15.202 [main] Log - alisyedkaif@gmail.com
[INFO ] 2022-12-26 21:09:15.213 [main] Log - gfaxz3398
[INFO ] 2022-12-26 21:09:15.473 [main] Log - Page Refreshed
[INFO ] 2022-12-26 21:09:15.489 [main] Log - alisyedkaif@gmail.com
[INFO ] 2022-12-26 21:09:15.500 [main] Log - gfaxz3398
[INFO ] 2022-12-26 21:09:15.760 [main] Log - Page Refreshed
[INFO ] 2022-12-26 21:09:15.776 [main] Log - alisyedkaif@gmail.com
[INFO ] 2022-12-26 21:09:15.792 [main] Log - gfaxz3398
[INFO ] 2022-12-26 21:09:16.070 [main] Log - Page Refreshed
[INFO ] 2022-12-26 21:09:16.087 [main] Log - alisyedkaif@gmail.com
[INFO ] 2022-12-26 21:09:16.098 [main] Log - gfaxz3398
[INFO ] 2022-12-26 21:09:16.343 [main] Log - Page Refreshed
[INFO ] 2022-12-26 21:09:16.366 [main] Log - alisyedkaif@gmail.com
[INFO ] 2022-12-26 21:09:16.376 [main] Log - gfaxz3398
[INFO ] 2022-12-26 21:09:16.622 [main] Log - Page Refreshed
[INFO ] 2022-12-26 21:09:16.638 [main] Log - alisyedkaif@gmail.com
[INFO ] 2022-12-26 21:09:16.648 [main] Log - gfaxz3398
[INFO ] 2022-12-26 21:09:16.938 [main] Log - Page Refreshed
[INFO ] 2022-12-26 21:09:16.956 [main] Log - alisyedkaif@gmail.com
[INFO ] 2022-12-26 21:09:16.966 [main] Log - gfaxz3398
[INFO ] 2022-12-26 21:09:17.215 [main] Log - Page Refreshed
[INFO ] 2022-12-26 21:09:17.231 [main] Log - alisyedkaif@gmail.com
[INFO ] 2022-12-26 21:09:17.242 [main] Log - gfaxz3398
[INFO ] 2022-12-26 21:09:17.496 [main] Log - Page Refreshed
[INFO ] 2022-12-26 21:09:17.514 [main] Log - alisyedkaif@gmail.com
[INFO ] 2022-12-26 21:09:17.525 [main] Log - gfaxz3398
[INFO ] 2022-12-26 21:09:17.812 [main] Log - Page Refreshed
[INFO ] 2022-12-26 21:09:17.830 [main] Log - alisyedkaif@gmail.com
[INFO ] 2022-12-26 21:09:17.841 [main] Log - gfaxz3398
[INFO ] 2022-12-26 21:09:18.169 [main] Log - Page Refreshed
[INFO ] 2022-12-26 21:09:18.191 [main] Log - alisyedkaif@gmail.com
[INFO ] 2022-12-26 21:09:18.217 [main] Log - gfaxz3398
[INFO ] 2022-12-26 21:09:18.498 [main] Log - Page Refreshed
[INFO ] 2022-12-26 21:09:18.546 [main] Log - alisyedkaif@gmail.com
[INFO ] 2022-12-26 21:09:18.556 [main] Log - gfaxz3398
[INFO ] 2022-12-26 21:09:18.818 [main] Log - Page Refreshed
[INFO ] 2022-12-26 21:09:18.835 [main] Log - alisyedkaif@gmail.com
[INFO ] 2022-12-26 21:09:18.845 [main] Log - gfaxz3398
[INFO ] 2022-12-26 21:09:19.130 [main] Log - Page Refreshed
[INFO ] 2022-12-26 21:09:19.147 [main] Log - alisyedkaif@gmail.com
[INFO ] 2022-12-26 21:09:19.158 [main] Log - gfaxz3398
[INFO ] 2022-12-26 21:09:19.559 [main] Log - Page Refreshed
[INFO ] 2022-12-26 21:09:19.576 [main] Log - alisyedkaif@gmail.com
[INFO ] 2022-12-26 21:09:19.588 [main] Log - gfaxz3398
[INFO ] 2022-12-26 21:09:19.839 [main] Log - Page Refreshed
[INFO ] 2022-12-26 21:09:19.856 [main] Log - alisyedkaif@gmail.com
[INFO ] 2022-12-26 21:09:19.866 [main] Log - gfaxz3398
[INFO ] 2022-12-26 21:09:20.120 [main] Log - Page Refreshed
[INFO ] 2022-12-26 21:09:20.135 [main] Log - alisyedkaif@gmail.com
[INFO ] 2022-12-26 21:09:20.145 [main] Log - gfaxz3398
[INFO ] 2022-12-26 21:09:20.405 [main] Log - Page Refreshed
[INFO ] 2022-12-26 21:09:20.422 [main] Log - alisyedkaif@gmail.com
[INFO ] 2022-12-26 21:09:20.432 [main] Log - gfaxz3398
[INFO ] 2022-12-26 21:09:20.692 [main] Log - Page Refreshed
[INFO ] 2022-12-26 21:09:20.708 [main] Log - alisyedkaif@gmail.com
[INFO ] 2022-12-26 21:09:20.719 [main] Log - gfaxz3398
[INFO ] 2022-12-26 21:09:20.986 [main] Log - Page Refreshed
[INFO ] 2022-12-26 21:09:21.002 [main] Log - alisyedkaif@gmail.com
[INFO ] 2022-12-26 21:09:21.012 [main] Log - gfaxz3398
[INFO ] 2022-12-26 21:09:21.268 [main] Log - Page Refreshed
[INFO ] 2022-12-26 21:09:21.284 [main] Log - alisyedkaif@gmail.com
[INFO ] 2022-12-26 21:09:21.294 [main] Log - gfaxz3398
[INFO ] 2022-12-26 21:09:21.550 [main] Log - Page Refreshed
[INFO ] 2022-12-26 21:09:21.571 [main] Log - alisyedkaif@gmail.com
[INFO ] 2022-12-26 21:09:21.582 [main] Log - gfaxz3398
[INFO ] 2022-12-26 21:09:21.863 [main] Log - Page Refreshed
[INFO ] 2022-12-26 21:09:21.880 [main] Log - alisyedkaif@gmail.com
[INFO ] 2022-12-26 21:09:21.890 [main] Log - gfaxz3398
[INFO ] 2022-12-26 21:09:22.152 [main] Log - Page Refreshed
[INFO ] 2022-12-26 21:09:22.169 [main] Log - alisyedkaif@gmail.com
[INFO ] 2022-12-26 21:09:22.180 [main] Log - gfaxz3398
[INFO ] 2022-12-26 21:09:22.472 [main] Log - Page Refreshed
[INFO ] 2022-12-26 21:09:22.490 [main] Log - alisyedkaif@gmail.com
[INFO ] 2022-12-26 21:09:22.500 [main] Log - gfaxz3398
[INFO ] 2022-12-26 21:09:22.757 [main] Log - Page Refreshed
[INFO ] 2022-12-26 21:09:22.776 [main] Log - alisyedkaif@gmail.com
[INFO ] 2022-12-26 21:09:22.789 [main] Log - gfaxz3398
[INFO ] 2022-12-26 21:09:23.151 [main] Log - Page Refreshed
[INFO ] 2022-12-26 21:09:23.177 [main] Log - alisyedkaif@gmail.com
[INFO ] 2022-12-26 21:09:23.193 [main] Log - gfaxz3398
[INFO ] 2022-12-26 21:09:23.449 [main] Log - Page Refreshed
[INFO ] 2022-12-26 21:09:23.465 [main] Log - alisyedkaif@gmail.com
[INFO ] 2022-12-26 21:09:23.474 [main] Log - gfaxz3398
[INFO ] 2022-12-26 21:09:23.591 [main] Log - Page Refreshed
[INFO ] 2022-12-26 21:12:04.658 [main] Log - Launching Firefox
[INFO ] 2022-12-26 21:12:05.153 [main] Log - https://www.facebook.com/
[INFO ] 2022-12-26 21:12:05.789 [main] Log - alisyedkaif@gmail.com
[INFO ] 2022-12-26 21:12:05.804 [main] Log - gfaxz3398
[INFO ] 2022-12-26 21:12:06.056 [main] Log - Page Refreshed
[INFO ] 2022-12-26 21:12:06.075 [main] Log - alisyedkaif@gmail.com
[INFO ] 2022-12-26 21:12:06.089 [main] Log - gfaxz3398
[INFO ] 2022-12-26 21:12:06.367 [main] Log - Page Refreshed
[INFO ] 2022-12-26 21:12:06.385 [main] Log - alisyedkaif@gmail.com
[INFO ] 2022-12-26 21:12:06.395 [main] Log - gfaxz3398
[INFO ] 2022-12-26 21:12:06.655 [main] Log - Page Refreshed
[INFO ] 2022-12-26 21:12:06.672 [main] Log - alisyedkaif@gmail.com
[INFO ] 2022-12-26 21:12:06.686 [main] Log - gfaxz3398
[INFO ] 2022-12-26 21:12:06.982 [main] Log - Page Refreshed
[INFO ] 2022-12-26 21:12:07.000 [main] Log - alisyedkaif@gmail.com
[INFO ] 2022-12-26 21:12:07.010 [main] Log - gfaxz3398
[INFO ] 2022-12-26 21:12:07.300 [main] Log - Page Refreshed
[INFO ] 2022-12-26 21:12:07.317 [main] Log - alisyedkaif@gmail.com
[INFO ] 2022-12-26 21:12:07.327 [main] Log - gfaxz3398
[INFO ] 2022-12-26 21:12:07.617 [main] Log - Page Refreshed
[INFO ] 2022-12-26 21:12:07.635 [main] Log - alisyedkaif@gmail.com
[INFO ] 2022-12-26 21:12:07.644 [main] Log - gfaxz3398
[INFO ] 2022-12-26 21:12:07.909 [main] Log - Page Refreshed
[INFO ] 2022-12-26 21:12:07.926 [main] Log - alisyedkaif@gmail.com
[INFO ] 2022-12-26 21:12:07.941 [main] Log - gfaxz3398
[INFO ] 2022-12-26 21:12:08.195 [main] Log - Page Refreshed
[INFO ] 2022-12-26 21:12:08.211 [main] Log - alisyedkaif@gmail.com
[INFO ] 2022-12-26 21:12:08.222 [main] Log - gfaxz3398
[INFO ] 2022-12-26 21:12:08.507 [main] Log - Page Refreshed
[INFO ] 2022-12-26 21:12:08.524 [main] Log - alisyedkaif@gmail.com
[INFO ] 2022-12-26 21:12:08.534 [main] Log - gfaxz3398
[INFO ] 2022-12-26 21:12:08.820 [main] Log - Page Refreshed
[INFO ] 2022-12-26 21:12:08.841 [main] Log - alisyedkaif@gmail.com
[INFO ] 2022-12-26 21:12:08.852 [main] Log - gfaxz3398
[INFO ] 2022-12-26 21:12:09.090 [main] Log - Page Refreshed
[INFO ] 2022-12-26 21:12:09.107 [main] Log - alisyedkaif@gmail.com
[INFO ] 2022-12-26 21:12:09.117 [main] Log - gfaxz3398
[INFO ] 2022-12-26 21:12:09.386 [main] Log - Page Refreshed
[INFO ] 2022-12-26 21:12:09.403 [main] Log - alisyedkaif@gmail.com
[INFO ] 2022-12-26 21:12:09.412 [main] Log - gfaxz3398
[INFO ] 2022-12-26 21:12:09.707 [main] Log - Page Refreshed
[INFO ] 2022-12-26 21:12:09.724 [main] Log - alisyedkaif@gmail.com
[INFO ] 2022-12-26 21:12:09.735 [main] Log - gfaxz3398
[INFO ] 2022-12-26 21:12:09.985 [main] Log - Page Refreshed
[INFO ] 2022-12-26 21:12:10.001 [main] Log - alisyedkaif@gmail.com
[INFO ] 2022-12-26 21:12:10.010 [main] Log - gfaxz3398
[INFO ] 2022-12-26 21:12:10.280 [main] Log - Page Refreshed
[INFO ] 2022-12-26 21:12:10.295 [main] Log - alisyedkaif@gmail.com
[INFO ] 2022-12-26 21:12:10.306 [main] Log - gfaxz3398
[INFO ] 2022-12-26 21:12:10.571 [main] Log - Page Refreshed
[INFO ] 2022-12-26 21:12:10.588 [main] Log - alisyedkaif@gmail.com
[INFO ] 2022-12-26 21:12:10.598 [main] Log - gfaxz3398
[INFO ] 2022-12-26 21:12:10.868 [main] Log - Page Refreshed
[INFO ] 2022-12-26 21:12:10.884 [main] Log - alisyedkaif@gmail.com
[INFO ] 2022-12-26 21:12:10.892 [main] Log - gfaxz3398
[INFO ] 2022-12-26 21:12:11.760 [main] Log - Page Refreshed
[INFO ] 2022-12-26 21:12:11.782 [main] Log - alisyedkaif@gmail.com
[INFO ] 2022-12-26 21:12:11.794 [main] Log - gfaxz3398
[INFO ] 2022-12-26 21:12:12.103 [main] Log - Page Refreshed
[INFO ] 2022-12-26 21:12:12.120 [main] Log - alisyedkaif@gmail.com
[INFO ] 2022-12-26 21:12:12.130 [main] Log - gfaxz3398
[INFO ] 2022-12-26 21:12:12.417 [main] Log - Page Refreshed
[INFO ] 2022-12-26 21:12:12.435 [main] Log - alisyedkaif@gmail.com
[INFO ] 2022-12-26 21:12:12.445 [main] Log - gfaxz3398
[INFO ] 2022-12-26 21:12:12.706 [main] Log - Page Refreshed
[INFO ] 2022-12-26 21:12:12.723 [main] Log - alisyedkaif@gmail.com
[INFO ] 2022-12-26 21:12:12.733 [main] Log - gfaxz3398
[INFO ] 2022-12-26 21:12:13.033 [main] Log - Page Refreshed
[INFO ] 2022-12-26 21:12:13.054 [main] Log - alisyedkaif@gmail.com
[INFO ] 2022-12-26 21:12:13.086 [main] Log - gfaxz3398
[INFO ] 2022-12-26 21:12:13.356 [main] Log - Page Refreshed
[INFO ] 2022-12-26 21:12:13.373 [main] Log - alisyedkaif@gmail.com
[INFO ] 2022-12-26 21:12:13.407 [main] Log - gfaxz3398
[INFO ] 2022-12-26 21:12:13.745 [main] Log - Page Refreshed
[INFO ] 2022-12-26 21:12:13.766 [main] Log - alisyedkaif@gmail.com
[INFO ] 2022-12-26 21:12:13.777 [main] Log - gfaxz3398
[INFO ] 2022-12-26 21:12:14.070 [main] Log - Page Refreshed
[INFO ] 2022-12-26 21:12:14.088 [main] Log - alisyedkaif@gmail.com
[INFO ] 2022-12-26 21:12:14.098 [main] Log - gfaxz3398
[INFO ] 2022-12-26 21:12:14.508 [main] Log - Page Refreshed
[INFO ] 2022-12-28 16:04:35.058 [main] Log - Launching Firefox
[INFO ] 2022-12-28 16:04:35.623 [main] Log - https://www.facebook.com/
[INFO ] 2022-12-28 16:04:36.284 [main] Log - alisyedkaif@gmail.com
[INFO ] 2022-12-28 16:04:36.302 [main] Log - gfaxz3398
[INFO ] 2022-12-28 16:04:36.603 [main] Log - Page Refreshed
[INFO ] 2022-12-28 16:04:36.626 [main] Log - alisyedkaif@gmail.com
[INFO ] 2022-12-28 16:04:36.641 [main] Log - gfaxz3398
[INFO ] 2022-12-28 16:04:36.925 [main] Log - Page Refreshed
[INFO ] 2022-12-28 16:04:36.946 [main] Log - alisyedkaif@gmail.com
[INFO ] 2022-12-28 16:04:36.957 [main] Log - gfaxz3398
[INFO ] 2022-12-28 16:04:37.236 [main] Log - Page Refreshed
[INFO ] 2022-12-28 16:04:37.255 [main] Log - alisyedkaif@gmail.com
[INFO ] 2022-12-28 16:04:37.273 [main] Log - gfaxz3398
[INFO ] 2022-12-28 16:04:37.714 [main] Log - Page Refreshed
[INFO ] 2022-12-28 16:04:37.730 [main] Log - alisyedkaif@gmail.com
[INFO ] 2022-12-28 16:04:37.741 [main] Log - gfaxz3398
[INFO ] 2022-12-28 16:04:38.013 [main] Log - Page Refreshed
[INFO ] 2022-12-28 16:04:38.031 [main] Log - alisyedkaif@gmail.com
[INFO ] 2022-12-28 16:04:38.041 [main] Log - gfaxz3398
[INFO ] 2022-12-28 16:04:38.336 [main] Log - Page Refreshed
[INFO ] 2022-12-28 16:04:38.352 [main] Log - alisyedkaif@gmail.com
[INFO ] 2022-12-28 16:04:38.362 [main] Log - gfaxz3398
[INFO ] 2022-12-28 16:04:38.652 [main] Log - Page Refreshed
[INFO ] 2022-12-28 16:04:38.669 [main] Log - alisyedkaif@gmail.com
[INFO ] 2022-12-28 16:04:38.680 [main] Log - gfaxz3398
[INFO ] 2022-12-28 16:04:38.952 [main] Log - Page Refreshed
[INFO ] 2022-12-28 16:04:38.974 [main] Log - alisyedkaif@gmail.com
[INFO ] 2022-12-28 16:04:38.985 [main] Log - gfaxz3398
[INFO ] 2022-12-28 16:04:39.306 [main] Log - Page Refreshed
[INFO ] 2022-12-30 23:51:04.605 [main] Log - Launching Firefox
[INFO ] 2022-12-30 23:51:05.368 [main] Log - https://www.facebook.com/
[INFO ] 2022-12-30 23:51:06.130 [main] Log - alisyedkaif@gmail.com
[INFO ] 2022-12-30 23:51:06.149 [main] Log - gfaxz3398
[INFO ] 2022-12-30 23:51:06.424 [main] Log - Page Refreshed
[INFO ] 2022-12-30 23:51:06.462 [main] Log - alisyedkaif@gmail.com
[INFO ] 2022-12-30 23:51:06.478 [main] Log - gfaxz3398
[INFO ] 2022-12-30 23:51:06.749 [main] Log - Page Refreshed
[INFO ] 2022-12-30 23:51:06.768 [main] Log - alisyedkaif@gmail.com
[INFO ] 2022-12-30 23:51:06.782 [main] Log - gfaxz3398
[INFO ] 2022-12-30 23:51:07.044 [main] Log - Page Refreshed
[INFO ] 2022-12-30 23:51:07.063 [main] Log - alisyedkaif@gmail.com
[INFO ] 2022-12-30 23:51:07.074 [main] Log - gfaxz3398
[INFO ] 2022-12-30 23:51:07.361 [main] Log - Page Refreshed
[INFO ] 2022-12-30 23:51:07.378 [main] Log - alisyedkaif@gmail.com
[INFO ] 2022-12-30 23:51:07.391 [main] Log - gfaxz3398
[INFO ] 2022-12-30 23:51:07.648 [main] Log - Page Refreshed
[INFO ] 2022-12-30 23:51:07.667 [main] Log - alisyedkaif@gmail.com
[INFO ] 2022-12-30 23:51:07.680 [main] Log - gfaxz3398
[INFO ] 2022-12-30 23:51:07.974 [main] Log - Page Refreshed
[INFO ] 2022-12-30 23:51:07.992 [main] Log - alisyedkaif@gmail.com
[INFO ] 2022-12-30 23:51:08.003 [main] Log - gfaxz3398
[INFO ] 2022-12-30 23:51:08.350 [main] Log - Page Refreshed
[INFO ] 2022-12-30 23:51:08.367 [main] Log - alisyedkaif@gmail.com
[INFO ] 2022-12-30 23:51:08.380 [main] Log - gfaxz3398
[INFO ] 2022-12-30 23:51:08.643 [main] Log - Page Refreshed
[INFO ] 2022-12-30 23:51:08.665 [main] Log - alisyedkaif@gmail.com
[INFO ] 2022-12-30 23:51:08.677 [main] Log - gfaxz3398
[INFO ] 2022-12-30 23:51:08.932 [main] Log - Page Refreshed
[INFO ] 2022-12-30 23:51:08.950 [main] Log - alisyedkaif@gmail.com
[INFO ] 2022-12-30 23:51:08.961 [main] Log - gfaxz3398
[INFO ] 2022-12-30 23:51:09.262 [main] Log - Page Refreshed
[INFO ] 2022-12-30 23:51:09.280 [main] Log - alisyedkaif@gmail.com
[INFO ] 2022-12-30 23:51:09.292 [main] Log - gfaxz3398
[INFO ] 2022-12-30 23:51:09.517 [main] Log - Page Refreshed
[INFO ] 2023-01-02 14:00:54.939 [main] Log - Launching Firefox
[INFO ] 2023-01-02 14:00:55.534 [main] Log - https://www.facebook.com/
[INFO ] 2023-01-02 14:00:56.303 [main] Log - alisyedkaif@gmail.com
[INFO ] 2023-01-02 14:00:56.323 [main] Log - gfaxz3398
[INFO ] 2023-01-02 14:00:56.634 [main] Log - Page Refreshed
[INFO ] 2023-01-02 14:00:56.658 [main] Log - alisyedkaif@gmail.com
[INFO ] 2023-01-02 14:00:56.674 [main] Log - gfaxz3398
[INFO ] 2023-01-02 14:00:56.968 [main] Log - Page Refreshed
[INFO ] 2023-01-02 14:00:56.988 [main] Log - alisyedkaif@gmail.com
[INFO ] 2023-01-02 14:00:57.002 [main] Log - gfaxz3398
[INFO ] 2023-01-02 14:00:57.277 [main] Log - Page Refreshed
[INFO ] 2023-01-02 14:00:57.296 [main] Log - alisyedkaif@gmail.com
[INFO ] 2023-01-02 14:00:57.307 [main] Log - gfaxz3398
[INFO ] 2023-01-02 14:00:57.622 [main] Log - Page Refreshed
[INFO ] 2023-01-02 14:00:57.642 [main] Log - alisyedkaif@gmail.com
[INFO ] 2023-01-02 14:00:57.655 [main] Log - gfaxz3398
[INFO ] 2023-01-02 14:00:57.934 [main] Log - Page Refreshed
[INFO ] 2023-01-02 14:00:57.955 [main] Log - alisyedkaif@gmail.com
[INFO ] 2023-01-02 14:00:57.968 [main] Log - gfaxz3398
[INFO ] 2023-01-02 14:00:58.242 [main] Log - Page Refreshed
[INFO ] 2023-01-02 14:00:58.261 [main] Log - alisyedkaif@gmail.com
[INFO ] 2023-01-02 14:00:58.273 [main] Log - gfaxz3398
[INFO ] 2023-01-02 14:00:58.483 [main] Log - Page Refreshed
[INFO ] 2023-01-02 14:51:30.813 [main] Log - Launching Firefox
[INFO ] 2023-01-02 14:51:31.490 [main] Log - https://www.facebook.com/
[INFO ] 2023-01-02 14:51:32.249 [main] Log - alisyedkaif@gmail.com
[INFO ] 2023-01-02 14:51:32.266 [main] Log - gfaxz3398
[INFO ] 2023-01-02 14:51:32.652 [main] Log - Page Refreshed
[INFO ] 2023-01-02 14:51:32.673 [main] Log - alisyedkaif@gmail.com
[INFO ] 2023-01-02 14:51:32.688 [main] Log - gfaxz3398
[INFO ] 2023-01-02 14:51:32.968 [main] Log - Page Refreshed
[INFO ] 2023-01-02 14:51:32.987 [main] Log - alisyedkaif@gmail.com
[INFO ] 2023-01-02 14:51:33.001 [main] Log - gfaxz3398
[INFO ] 2023-01-02 14:51:33.276 [main] Log - Page Refreshed
[INFO ] 2023-01-02 14:51:33.295 [main] Log - alisyedkaif@gmail.com
[INFO ] 2023-01-02 14:51:33.305 [main] Log - gfaxz3398
[INFO ] 2023-01-02 14:51:33.627 [main] Log - Page Refreshed
[INFO ] 2023-01-02 14:51:33.646 [main] Log - alisyedkaif@gmail.com
[INFO ] 2023-01-02 14:51:33.657 [main] Log - gfaxz3398
[INFO ] 2023-01-02 14:51:33.911 [main] Log - Page Refreshed
[INFO ] 2023-01-02 14:51:33.931 [main] Log - alisyedkaif@gmail.com
[INFO ] 2023-01-02 14:51:33.944 [main] Log - gfaxz3398
[INFO ] 2023-01-02 14:51:34.216 [main] Log - Page Refreshed
[INFO ] 2023-01-02 14:51:34.234 [main] Log - alisyedkaif@gmail.com
[INFO ] 2023-01-02 14:51:34.245 [main] Log - gfaxz3398
[INFO ] 2023-01-02 14:51:34.535 [main] Log - Page Refreshed
[INFO ] 2023-01-02 14:51:34.553 [main] Log - alisyedkaif@gmail.com
[INFO ] 2023-01-02 14:51:34.564 [main] Log - gfaxz3398
[INFO ] 2023-01-02 14:51:34.863 [main] Log - Page Refreshed
[INFO ] 2023-01-02 14:51:34.969 [main] Log - alisyedkaif@gmail.com
[INFO ] 2023-01-04 16:15:27.299 [main] Log - Launching Firefox
[INFO ] 2023-01-04 16:15:28.272 [main] Log - https://www.facebook.com/
[INFO ] 2023-01-04 16:15:28.930 [main] Log - alisyedkaif@gmail.com
[INFO ] 2023-01-04 16:15:28.945 [main] Log - gfaxz3398
[INFO ] 2023-01-04 16:15:29.241 [main] Log - Page Refreshed
[INFO ] 2023-01-04 16:15:29.260 [main] Log - alisyedkaif@gmail.com
[INFO ] 2023-01-04 16:15:29.278 [main] Log - gfaxz3398
[INFO ] 2023-01-04 16:15:29.569 [main] Log - Page Refreshed
[INFO ] 2023-01-04 16:15:29.589 [main] Log - alisyedkaif@gmail.com
[INFO ] 2023-01-04 16:15:29.602 [main] Log - gfaxz3398
[INFO ] 2023-01-04 16:15:29.858 [main] Log - Page Refreshed
[INFO ] 2023-01-04 16:15:29.876 [main] Log - alisyedkaif@gmail.com
[INFO ] 2023-01-04 16:15:29.886 [main] Log - gfaxz3398
[INFO ] 2023-01-04 16:15:30.148 [main] Log - Page Refreshed
[INFO ] 2023-01-04 16:15:30.164 [main] Log - alisyedkaif@gmail.com
[INFO ] 2023-01-04 16:15:30.175 [main] Log - gfaxz3398
[INFO ] 2023-01-04 16:15:30.442 [main] Log - Page Refreshed
[INFO ] 2023-01-04 16:15:30.459 [main] Log - alisyedkaif@gmail.com
[INFO ] 2023-01-04 16:15:30.469 [main] Log - gfaxz3398
[INFO ] 2023-01-04 16:15:30.726 [main] Log - Page Refreshed
[INFO ] 2023-01-04 16:15:30.742 [main] Log - alisyedkaif@gmail.com
[INFO ] 2023-01-04 16:15:30.752 [main] Log - gfaxz3398
[INFO ] 2023-01-04 16:15:31.010 [main] Log - Page Refreshed
[INFO ] 2023-01-04 16:15:31.026 [main] Log - alisyedkaif@gmail.com
[INFO ] 2023-01-04 16:15:31.036 [main] Log - gfaxz3398
[INFO ] 2023-01-04 16:15:31.310 [main] Log - Page Refreshed
[INFO ] 2023-01-04 16:15:31.330 [main] Log - alisyedkaif@gmail.com
[INFO ] 2023-01-04 16:15:31.341 [main] Log - gfaxz3398
[INFO ] 2023-01-04 16:15:31.601 [main] Log - Page Refreshed
[INFO ] 2023-01-04 16:15:31.618 [main] Log - alisyedkaif@gmail.com
[INFO ] 2023-01-04 16:15:31.628 [main] Log - gfaxz3398
[INFO ] 2023-01-04 16:15:31.908 [main] Log - Page Refreshed
[INFO ] 2023-01-04 16:15:31.926 [main] Log - alisyedkaif@gmail.com
[INFO ] 2023-01-04 16:15:31.935 [main] Log - gfaxz3398
[INFO ] 2023-01-04 16:15:32.214 [main] Log - Page Refreshed
[INFO ] 2023-01-08 21:37:35.270 [main] Log - Launching Firefox
[INFO ] 2023-01-08 21:37:36.084 [main] Log - https://www.facebook.com/
[INFO ] 2023-01-08 21:37:36.746 [main] Log - alisyedkaif@gmail.com
[INFO ] 2023-01-08 21:37:36.761 [main] Log - gfaxz3398
[INFO ] 2023-01-08 21:37:37.039 [main] Log - Page Refreshed
[INFO ] 2023-01-08 21:37:37.061 [main] Log - alisyedkaif@gmail.com
[INFO ] 2023-01-08 21:37:37.078 [main] Log - gfaxz3398
[INFO ] 2023-01-08 21:37:37.328 [main] Log - Page Refreshed
[INFO ] 2023-01-08 21:37:37.345 [main] Log - alisyedkaif@gmail.com
[INFO ] 2023-01-08 21:37:37.356 [main] Log - gfaxz3398
[INFO ] 2023-01-08 21:37:37.608 [main] Log - Page Refreshed
[INFO ] 2023-01-08 21:37:37.625 [main] Log - alisyedkaif@gmail.com
[INFO ] 2023-01-08 21:37:37.637 [main] Log - gfaxz3398
[INFO ] 2023-01-08 21:37:37.957 [main] Log - Page Refreshed
[INFO ] 2023-01-08 21:37:37.974 [main] Log - alisyedkaif@gmail.com
[INFO ] 2023-01-08 21:37:37.983 [main] Log - gfaxz3398
[INFO ] 2023-01-08 21:37:38.211 [main] Log - Page Refreshed
[INFO ] 2023-01-08 21:37:38.228 [main] Log - alisyedkaif@gmail.com
[INFO ] 2023-01-08 21:37:38.240 [main] Log - gfaxz3398
[INFO ] 2023-01-08 21:37:38.529 [main] Log - Page Refreshed
[INFO ] 2023-01-08 21:37:38.545 [main] Log - alisyedkaif@gmail.com
[INFO ] 2023-01-08 21:37:38.555 [main] Log - gfaxz3398
[INFO ] 2023-01-08 21:37:38.798 [main] Log - Page Refreshed
[INFO ] 2023-01-08 21:37:38.814 [main] Log - alisyedkaif@gmail.com
[INFO ] 2023-01-08 21:37:38.824 [main] Log - gfaxz3398
[INFO ] 2023-01-08 21:37:39.085 [main] Log - Page Refreshed
[INFO ] 2023-01-08 21:37:39.100 [main] Log - alisyedkaif@gmail.com
[INFO ] 2023-01-08 21:37:39.116 [main] Log - gfaxz3398
[INFO ] 2023-01-08 21:37:39.384 [main] Log - Page Refreshed
[INFO ] 2023-01-08 21:37:39.400 [main] Log - alisyedkaif@gmail.com
[INFO ] 2023-01-08 21:37:39.410 [main] Log - gfaxz3398
[INFO ] 2023-01-08 21:37:39.662 [main] Log - Page Refreshed
[INFO ] 2023-01-08 21:37:39.678 [main] Log - alisyedkaif@gmail.com
[INFO ] 2023-01-08 21:37:39.688 [main] Log - gfaxz3398
[INFO ] 2023-01-08 21:37:39.931 [main] Log - Page Refreshed
[INFO ] 2023-01-08 21:37:39.949 [main] Log - alisyedkaif@gmail.com
[INFO ] 2023-01-08 21:37:39.960 [main] Log - gfaxz3398
[INFO ] 2023-01-08 21:37:40.322 [main] Log - Page Refreshed
[INFO ] 2023-01-08 21:37:40.338 [main] Log - alisyedkaif@gmail.com
[INFO ] 2023-01-08 21:37:40.347 [main] Log - gfaxz3398
[INFO ] 2023-01-08 21:37:40.616 [main] Log - Page Refreshed
[INFO ] 2023-01-08 21:37:40.633 [main] Log - alisyedkaif@gmail.com
[INFO ] 2023-01-08 21:37:40.643 [main] Log - gfaxz3398
[INFO ] 2023-01-08 21:37:40.896 [main] Log - Page Refreshed
[INFO ] 2023-01-08 21:37:40.911 [main] Log - alisyedkaif@gmail.com
[INFO ] 2023-01-08 21:37:40.921 [main] Log - gfaxz3398
[INFO ] 2023-01-08 21:37:41.151 [main] Log - Page Refreshed
[INFO ] 2023-01-08 21:37:41.167 [main] Log - alisyedkaif@gmail.com
[INFO ] 2023-01-08 21:37:41.178 [main] Log - gfaxz3398
[INFO ] 2023-01-08 21:37:41.443 [main] Log - Page Refreshed
[INFO ] 2023-01-08 21:37:41.459 [main] Log - alisyedkaif@gmail.com
[INFO ] 2023-01-08 21:37:41.468 [main] Log - gfaxz3398
[INFO ] 2023-01-08 21:37:41.716 [main] Log - Page Refreshed
[INFO ] 2023-01-08 21:37:41.732 [main] Log - alisyedkaif@gmail.com
[INFO ] 2023-01-08 21:37:41.742 [main] Log - gfaxz3398
[INFO ] 2023-01-08 21:37:41.985 [main] Log - Page Refreshed
[INFO ] 2023-01-08 21:37:42.000 [main] Log - alisyedkaif@gmail.com
[INFO ] 2023-01-08 21:37:42.010 [main] Log - gfaxz3398
[INFO ] 2023-01-08 21:37:42.242 [main] Log - Page Refreshed
[INFO ] 2023-01-08 21:37:42.258 [main] Log - alisyedkaif@gmail.com
[INFO ] 2023-01-08 21:37:42.269 [main] Log - gfaxz3398
[INFO ] 2023-01-08 21:37:42.549 [main] Log - Page Refreshed
[INFO ] 2023-01-08 21:37:42.565 [main] Log - alisyedkaif@gmail.com
[INFO ] 2023-01-08 21:37:42.575 [main] Log - gfaxz3398
[INFO ] 2023-01-08 21:37:42.802 [main] Log - Page Refreshed
[INFO ] 2023-01-08 21:37:42.832 [main] Log - alisyedkaif@gmail.com
[INFO ] 2023-01-08 21:37:42.843 [main] Log - gfaxz3398
[INFO ] 2023-01-08 21:37:43.093 [main] Log - Page Refreshed
[INFO ] 2023-01-08 21:37:43.109 [main] Log - alisyedkaif@gmail.com
[INFO ] 2023-01-08 21:37:43.118 [main] Log - gfaxz3398
[INFO ] 2023-01-08 21:37:43.362 [main] Log - Page Refreshed
[INFO ] 2023-01-08 21:37:43.378 [main] Log - alisyedkaif@gmail.com
[INFO ] 2023-01-08 21:37:43.389 [main] Log - gfaxz3398
[INFO ] 2023-01-08 21:37:43.684 [main] Log - Page Refreshed
[INFO ] 2023-01-08 22:19:01.304 [main] Log - Launching Firefox
[INFO ] 2023-01-08 22:19:01.774 [main] Log - https://www.facebook.com/
[INFO ] 2023-01-08 22:19:02.373 [main] Log - alisyedkaif@gmail.com
[INFO ] 2023-01-08 22:19:02.385 [main] Log - gfaxz3398
[INFO ] 2023-01-08 22:24:29.548 [main] Log - Launching Firefox
[INFO ] 2023-01-08 22:24:29.971 [main] Log - https://www.facebook.com/
[INFO ] 2023-01-08 22:24:30.571 [main] Log - prince.ali23k@gmail.com
[INFO ] 2023-01-08 22:24:30.579 [main] Log - p@ssword1
[INFO ] 2023-01-08 22:28:58.712 [main] Log - Launching Firefox
[INFO ] 2023-01-08 22:28:59.130 [main] Log - https://www.facebook.com/
[INFO ] 2023-01-08 22:28:59.737 [main] Log - prince.ali23k@gmail.com
[INFO ] 2023-01-08 22:28:59.747 [main] Log - p@ssword1
[INFO ] 2023-01-08 22:28:59.943 [main] Log - New Tab Opened
[INFO ] 2023-01-08 22:28:59.974 [main] Log - prince.ali23k@gmail.com
[INFO ] 2023-01-08 22:28:59.983 [main] Log - p@ssword1
[INFO ] 2023-01-08 22:28:59.994 [main] Log - prince.ali23k@gmail.com
[INFO ] 2023-01-08 22:29:00.001 [main] Log - p@ssword1
[INFO ] 2023-01-08 22:29:00.262 [main] Log - New Tab Opened
[INFO ] 2023-01-08 22:29:00.291 [main] Log - prince.ali23k@gmail.com
[INFO ] 2023-01-08 22:29:00.300 [main] Log - p@ssword1
[INFO ] 2023-01-08 22:29:00.310 [main] Log - prince.ali23k@gmail.com
[INFO ] 2023-01-08 22:29:00.317 [main] Log - p@ssword1
[INFO ] 2023-01-08 22:29:00.561 [main] Log - New Tab Opened
[INFO ] 2023-01-08 22:29:00.593 [main] Log - prince.ali23k@gmail.com
[INFO ] 2023-01-08 22:29:00.601 [main] Log - p@ssword1
[INFO ] 2023-01-08 22:29:00.610 [main] Log - prince.ali23k@gmail.com
[INFO ] 2023-01-08 22:29:00.616 [main] Log - p@ssword1
[INFO ] 2023-01-08 22:29:00.840 [main] Log - New Tab Opened
[INFO ] 2023-01-08 22:29:00.869 [main] Log - prince.ali23k@gmail.com
[INFO ] 2023-01-08 22:29:00.877 [main] Log - p@ssword1
[INFO ] 2023-01-08 22:29:00.887 [main] Log - prince.ali23k@gmail.com
[INFO ] 2023-01-08 22:29:00.893 [main] Log - p@ssword1
[INFO ] 2023-01-08 22:29:01.061 [main] Log - New Tab Opened
[INFO ] 2023-01-08 22:29:01.091 [main] Log - prince.ali23k@gmail.com
[INFO ] 2023-01-08 22:29:01.101 [main] Log - p@ssword1
[INFO ] 2023-01-08 22:29:01.112 [main] Log - prince.ali23k@gmail.com
[INFO ] 2023-01-08 22:29:01.120 [main] Log - p@ssword1
[INFO ] 2023-01-08 22:29:01.297 [main] Log - New Tab Opened
[INFO ] 2023-01-08 22:29:01.327 [main] Log - prince.ali23k@gmail.com
[INFO ] 2023-01-08 22:29:01.335 [main] Log - p@ssword1
[INFO ] 2023-01-08 22:29:01.344 [main] Log - prince.ali23k@gmail.com
[INFO ] 2023-01-08 22:29:01.350 [main] Log - p@ssword1
[INFO ] 2023-01-08 22:29:01.571 [main] Log - New Tab Opened
[INFO ] 2023-01-08 22:29:01.599 [main] Log - prince.ali23k@gmail.com
[INFO ] 2023-01-08 22:29:01.606 [main] Log - p@ssword1
[INFO ] 2023-01-08 22:29:01.615 [main] Log - prince.ali23k@gmail.com
[INFO ] 2023-01-08 22:29:01.621 [main] Log - p@ssword1
[INFO ] 2023-01-08 22:29:01.770 [main] Log - New Tab Opened
[INFO ] 2023-01-08 22:29:01.783 [main] Log - prince.ali23k@gmail.com
[INFO ] 2023-01-08 22:29:01.790 [main] Log - p@ssword1
[INFO ] 2023-01-08 22:29:01.800 [main] Log - prince.ali23k@gmail.com
[INFO ] 2023-01-08 22:29:01.806 [main] Log - p@ssword1
[INFO ] 2023-01-08 22:29:01.951 [main] Log - New Tab Opened
[INFO ] 2023-01-08 22:29:01.963 [main] Log - prince.ali23k@gmail.com
[INFO ] 2023-01-08 22:29:01.971 [main] Log - p@ssword1
[INFO ] 2023-01-08 22:29:01.980 [main] Log - prince.ali23k@gmail.com
[INFO ] 2023-01-08 22:29:01.987 [main] Log - p@ssword1
[INFO ] 2023-01-08 22:29:02.136 [main] Log - New Tab Opened
[INFO ] 2023-01-08 22:29:02.149 [main] Log - prince.ali23k@gmail.com
[INFO ] 2023-01-08 22:29:02.156 [main] Log - p@ssword1
[INFO ] 2023-01-08 22:29:02.166 [main] Log - prince.ali23k@gmail.com
[INFO ] 2023-01-08 22:29:02.172 [main] Log - p@ssword1
[INFO ] 2023-01-08 22:29:02.321 [main] Log - New Tab Opened
[INFO ] 2023-01-08 22:29:02.333 [main] Log - prince.ali23k@gmail.com
[INFO ] 2023-01-08 22:29:02.340 [main] Log - p@ssword1
[INFO ] 2023-01-08 22:29:02.352 [main] Log - prince.ali23k@gmail.com
[INFO ] 2023-01-08 22:29:02.357 [main] Log - p@ssword1
[INFO ] 2023-01-08 22:29:02.676 [main] Log - New Tab Opened
[INFO ] 2023-01-08 22:29:02.691 [main] Log - prince.ali23k@gmail.com
[INFO ] 2023-01-08 22:29:02.697 [main] Log - p@ssword1
[INFO ] 2023-01-08 22:29:02.707 [main] Log - prince.ali23k@gmail.com
[INFO ] 2023-01-08 22:29:02.712 [main] Log - p@ssword1
[INFO ] 2023-01-08 22:29:02.875 [main] Log - New Tab Opened
[INFO ] 2023-01-08 22:29:02.888 [main] Log - prince.ali23k@gmail.com
[INFO ] 2023-01-08 22:29:02.894 [main] Log - p@ssword1
[INFO ] 2023-01-08 22:29:02.905 [main] Log - prince.ali23k@gmail.com
[INFO ] 2023-01-08 22:29:02.910 [main] Log - p@ssword1
[INFO ] 2023-01-08 22:29:03.058 [main] Log - New Tab Opened
[INFO ] 2023-01-08 22:29:03.071 [main] Log - prince.ali23k@gmail.com
[INFO ] 2023-01-08 22:29:03.077 [main] Log - p@ssword1
[INFO ] 2023-01-08 22:29:03.087 [main] Log - prince.ali23k@gmail.com
[INFO ] 2023-01-08 22:29:03.093 [main] Log - p@ssword1
[INFO ] 2023-01-08 22:29:03.241 [main] Log - New Tab Opened
[INFO ] 2023-01-08 22:29:03.253 [main] Log - prince.ali23k@gmail.com
[INFO ] 2023-01-08 22:29:03.259 [main] Log - p@ssword1
[INFO ] 2023-01-08 22:29:03.272 [main] Log - prince.ali23k@gmail.com
[INFO ] 2023-01-08 22:29:03.277 [main] Log - p@ssword1
[INFO ] 2023-01-08 22:29:03.419 [main] Log - New Tab Opened
[INFO ] 2023-01-08 22:29:03.433 [main] Log - prince.ali23k@gmail.com
[INFO ] 2023-01-08 22:29:03.439 [main] Log - p@ssword1
[INFO ] 2023-01-08 22:29:03.449 [main] Log - prince.ali23k@gmail.com
[INFO ] 2023-01-08 22:29:03.456 [main] Log - p@ssword1
[INFO ] 2023-01-08 22:29:03.603 [main] Log - New Tab Opened
[INFO ] 2023-01-08 22:29:03.617 [main] Log - prince.ali23k@gmail.com
[INFO ] 2023-01-08 22:29:03.623 [main] Log - p@ssword1
[INFO ] 2023-01-08 22:29:03.632 [main] Log - prince.ali23k@gmail.com
[INFO ] 2023-01-08 22:29:03.638 [main] Log - p@ssword1
[INFO ] 2023-01-08 22:29:03.781 [main] Log - New Tab Opened
[INFO ] 2023-01-08 22:29:03.794 [main] Log - prince.ali23k@gmail.com
[INFO ] 2023-01-08 22:29:03.800 [main] Log - p@ssword1
[INFO ] 2023-01-08 22:29:03.809 [main] Log - prince.ali23k@gmail.com
[INFO ] 2023-01-08 22:29:03.818 [main] Log - p@ssword1
[INFO ] 2023-01-08 22:29:03.986 [main] Log - New Tab Opened
[INFO ] 2023-01-08 22:29:04.000 [main] Log - prince.ali23k@gmail.com
[INFO ] 2023-01-08 22:29:04.007 [main] Log - p@ssword1
[INFO ] 2023-01-08 22:29:04.017 [main] Log - prince.ali23k@gmail.com
[INFO ] 2023-01-08 22:29:04.023 [main] Log - p@ssword1
[INFO ] 2023-01-08 22:29:04.174 [main] Log - New Tab Opened
[INFO ] 2023-01-08 22:29:04.186 [main] Log - prince.ali23k@gmail.com
[INFO ] 2023-01-08 22:29:04.192 [main] Log - p@ssword1
[INFO ] 2023-01-08 22:29:04.200 [main] Log - prince.ali23k@gmail.com
[INFO ] 2023-01-08 22:29:04.206 [main] Log - p@ssword1
[INFO ] 2023-01-08 22:29:04.357 [main] Log - New Tab Opened
[INFO ] 2023-01-08 22:29:04.369 [main] Log - prince.ali23k@gmail.com
[INFO ] 2023-01-08 22:29:04.375 [main] Log - p@ssword1
[INFO ] 2023-01-08 22:29:04.385 [main] Log - prince.ali23k@gmail.com
[INFO ] 2023-01-08 22:29:04.391 [main] Log - p@ssword1
[INFO ] 2023-01-08 22:29:04.540 [main] Log - New Tab Opened
[INFO ] 2023-01-08 22:29:04.552 [main] Log - prince.ali23k@gmail.com
[INFO ] 2023-01-08 22:29:04.558 [main] Log - p@ssword1
[INFO ] 2023-01-08 22:29:04.568 [main] Log - prince.ali23k@gmail.com
[INFO ] 2023-01-08 22:29:04.573 [main] Log - p@ssword1
[INFO ] 2023-01-08 22:29:04.717 [main] Log - New Tab Opened
[INFO ] 2023-01-08 22:29:04.729 [main] Log - prince.ali23k@gmail.com
[INFO ] 2023-01-08 22:29:04.737 [main] Log - p@ssword1
[INFO ] 2023-01-08 22:29:04.745 [main] Log - prince.ali23k@gmail.com
[INFO ] 2023-01-08 22:29:04.751 [main] Log - p@ssword1
[INFO ] 2023-01-08 22:29:04.961 [main] Log - New Tab Opened
[INFO ] 2023-01-08 22:29:04.979 [main] Log - prince.ali23k@gmail.com
[INFO ] 2023-01-08 22:29:05.053 [main] Log - p@ssword1
[INFO ] 2023-01-09 09:05:36.567 [main] Log - Launching Firefox
[INFO ] 2023-01-09 09:05:37.045 [main] Log - https://www.facebook.com/
[INFO ] 2023-01-09 09:05:37.663 [main] Log - prince.ali23k@gmail.com
[INFO ] 2023-01-09 09:05:37.673 [main] Log - p@ssword1
[INFO ] 2023-01-09 09:05:38.049 [main] Log - New Tab Opened
[INFO ] 2023-01-09 09:05:38.301 [main] Log - New Tab Opened
[INFO ] 2023-01-09 09:05:38.322 [main] Log - prince.ali23k@gmail.com
[INFO ] 2023-01-09 09:05:38.330 [main] Log - p@ssword1
[INFO ] 2023-01-09 09:05:38.340 [main] Log - prince.ali23k@gmail.com
[INFO ] 2023-01-09 09:05:38.347 [main] Log - p@ssword1
[INFO ] 2023-01-09 09:05:38.348 [main] Log - prince.ali23k@gmail.com  p@ssword1
[INFO ] 2023-01-09 09:08:16.991 [main] Log - Launching Firefox
[INFO ] 2023-01-09 09:08:17.657 [main] Log - https://www.facebook.com/
[INFO ] 2023-01-09 09:08:18.443 [main] Log - New Tab Opened
[INFO ] 2023-01-09 09:08:21.497 [main] Log - prince.ali23k@gmail.com
[INFO ] 2023-01-09 09:08:21.506 [main] Log - p@ssword1
[INFO ] 2023-01-09 09:08:21.713 [main] Log - New Tab Opened
[INFO ] 2023-01-09 09:08:24.762 [main] Log - prince.ali23k@gmail.com
[INFO ] 2023-01-09 09:08:24.771 [main] Log - p@ssword1
[INFO ] 2023-01-09 09:08:24.803 [main] Log - prince.ali23k@gmail.com
[INFO ] 2023-01-09 09:08:24.811 [main] Log - p@ssword1
[INFO ] 2023-01-09 09:08:24.812 [main] Log - prince.ali23k@gmail.com  p@ssword1
[INFO ] 2023-01-09 09:08:52.327 [main] Log - Launching Firefox
[INFO ] 2023-01-09 09:08:52.894 [main] Log - https://www.facebook.com/
[INFO ] 2023-01-09 09:08:54.033 [main] Log - New Tab Opened
[INFO ] 2023-01-09 09:08:55.572 [main] Log - prince.ali23k@gmail.com
[INFO ] 2023-01-09 09:08:55.581 [main] Log - p@ssword1
[INFO ] 2023-01-09 09:08:55.878 [main] Log - New Tab Opened
[INFO ] 2023-01-09 09:08:57.426 [main] Log - prince.ali23k@gmail.com
[INFO ] 2023-01-09 09:08:57.436 [main] Log - p@ssword1
[INFO ] 2023-01-09 09:08:57.467 [main] Log - prince.ali23k@gmail.com
[INFO ] 2023-01-09 09:08:57.474 [main] Log - p@ssword1
[INFO ] 2023-01-09 09:08:57.475 [main] Log - prince.ali23k@gmail.com  p@ssword1
[INFO ] 2023-01-09 09:09:14.701 [main] Log - Launching Firefox
[INFO ] 2023-01-09 09:09:15.319 [main] Log - https://www.facebook.com/
[INFO ] 2023-01-09 09:09:16.097 [main] Log - New Tab Opened
[INFO ] 2023-01-09 09:09:17.134 [main] Log - prince.ali23k@gmail.com
[INFO ] 2023-01-09 09:09:17.152 [main] Log - p@ssword1
[INFO ] 2023-01-09 09:09:17.364 [main] Log - New Tab Opened
[INFO ] 2023-01-09 09:09:18.397 [main] Log - prince.ali23k@gmail.com
[INFO ] 2023-01-09 09:09:18.406 [main] Log - p@ssword1
[INFO ] 2023-01-09 09:09:18.440 [main] Log - prince.ali23k@gmail.com
[INFO ] 2023-01-09 09:09:18.449 [main] Log - p@ssword1
[INFO ] 2023-01-09 09:09:18.450 [main] Log - prince.ali23k@gmail.com  p@ssword1
[INFO ] 2023-01-09 18:51:40.341 [main] Log - Launching Firefox
[INFO ] 2023-01-09 18:51:40.806 [main] Log - https://www.facebook.com/
[INFO ] 2023-01-09 19:01:14.611 [main] Log - Launching Firefox
[INFO ] 2023-01-09 19:01:15.689 [main] Log - https://www.facebook.com/
[INFO ] 2023-01-09 19:01:43.640 [main] Log - Launching Firefox
[INFO ] 2023-01-09 19:01:44.208 [main] Log - https://www.facebook.com/
[INFO ] 2023-01-09 19:01:44.988 [main] Log - New Tab Opened
[INFO ] 2023-01-09 19:01:46.027 [main] Log - prince.ali23k@gmail.com
[INFO ] 2023-01-09 19:01:46.037 [main] Log - p@ssword1
[INFO ] 2023-01-09 19:01:46.285 [main] Log - New Tab Opened
[INFO ] 2023-01-09 19:01:47.323 [main] Log - prince.ali23k@gmail.com
[INFO ] 2023-01-09 19:01:47.333 [main] Log - p@ssword1
[INFO ] 2023-01-09 19:01:47.362 [main] Log - prince.ali23k@gmail.com
[INFO ] 2023-01-09 19:01:47.371 [main] Log - p@ssword1
[INFO ] 2023-01-09 19:01:47.371 [main] Log - prince.ali23k@gmail.com  p@ssword1
[INFO ] 2023-01-09 19:09:38.215 [main] Log - Launching Firefox
[INFO ] 2023-01-09 19:09:39.299 [main] Log - https://www.facebook.com/
[INFO ] 2023-01-09 19:09:40.437 [main] Log - New Tab Opened
[INFO ] 2023-01-09 19:09:41.476 [main] Log - prince.ali23k@gmail.com
[INFO ] 2023-01-09 19:09:41.488 [main] Log - p@ssword1
[INFO ] 2023-01-09 19:09:41.942 [main] Log - New Tab Opened
[INFO ] 2023-01-09 19:09:42.980 [main] Log - prince.ali23k@gmail.com
[INFO ] 2023-01-09 19:09:42.991 [main] Log - p@ssword1
[INFO ] 2023-01-09 19:09:43.031 [main] Log - prince.ali23k@gmail.com
[INFO ] 2023-01-09 19:09:43.042 [main] Log - p@ssword1
[INFO ] 2023-01-09 19:09:43.042 [main] Log - prince.ali23k@gmail.com  p@ssword1
[INFO ] 2023-01-10 12:53:53.106 [main] Log - Launching Firefox
[INFO ] 2023-01-10 12:53:53.790 [main] Log - https://www.facebook.com/
[INFO ] 2023-01-10 12:53:54.653 [main] Log - New Tab Opened
[INFO ] 2023-01-10 12:53:55.702 [main] Log - prince.ali23k@gmail.com
[INFO ] 2023-01-10 12:53:55.714 [main] Log - p@ssword1
[INFO ] 2023-01-10 12:53:55.986 [main] Log - New Tab Opened
[INFO ] 2023-01-10 12:53:57.020 [main] Log - prince.ali23k@gmail.com
[INFO ] 2023-01-10 12:53:57.031 [main] Log - p@ssword1
[INFO ] 2023-01-10 12:53:57.074 [main] Log - prince.ali23k@gmail.com
[INFO ] 2023-01-10 12:53:57.085 [main] Log - p@ssword1
[INFO ] 2023-01-10 12:53:57.086 [main] Log - prince.ali23k@gmail.com  p@ssword1
[INFO ] 2023-01-10 22:04:19.598 [main] Log - Launching Firefox
[INFO ] 2023-01-10 22:04:20.089 [main] Log - https://www.facebook.com/
[INFO ] 2023-01-10 22:04:20.864 [main] Log - New Tab Opened
[INFO ] 2023-01-10 22:04:21.894 [main] Log - prince.ali23k@gmail.com
[INFO ] 2023-01-10 22:04:21.903 [main] Log - p@ssword1
[INFO ] 2023-01-10 22:04:22.104 [main] Log - New Tab Opened
[INFO ] 2023-01-10 22:04:23.136 [main] Log - prince.ali23k@gmail.com
[INFO ] 2023-01-10 22:04:23.144 [main] Log - p@ssword1
[INFO ] 2023-01-10 22:04:23.343 [main] Log - New Tab Opened
[INFO ] 2023-01-10 22:04:24.376 [main] Log - prince.ali23k@gmail.com
[INFO ] 2023-01-10 22:04:24.384 [main] Log - p@ssword1
[INFO ] 2023-01-10 22:04:24.411 [main] Log - prince.ali23k@gmail.com
[INFO ] 2023-01-10 22:04:24.418 [main] Log - p@ssword1
[INFO ] 2023-01-10 22:04:24.419 [main] Log - prince.ali23k@gmail.com  p@ssword1
[INFO ] 2023-01-10 22:05:03.596 [main] Log - Launching Firefox
[INFO ] 2023-01-10 22:05:04.041 [main] Log - https://www.facebook.com/
[INFO ] 2023-01-10 22:05:04.824 [main] Log - New Tab Opened
[INFO ] 2023-01-10 22:05:05.856 [main] Log - prince.ali23k@gmail.com
[INFO ] 2023-01-10 22:05:05.866 [main] Log - p@ssword1
[INFO ] 2023-01-10 22:05:06.071 [main] Log - New Tab Opened
[INFO ] 2023-01-10 22:05:07.104 [main] Log - prince.ali23k@gmail.com
[INFO ] 2023-01-10 22:05:07.112 [main] Log - p@ssword1
[INFO ] 2023-01-10 22:05:07.140 [main] Log - prince.ali23k@gmail.com
[INFO ] 2023-01-10 22:05:07.148 [main] Log - p@ssword1
[INFO ] 2023-01-10 22:05:07.149 [main] Log - prince.ali23k@gmail.com  p@ssword1
[INFO ] 2023-01-10 22:17:06.655 [main] Log - Launching Firefox
[INFO ] 2023-01-10 22:17:07.064 [main] Log - https://www.facebook.com/
[INFO ] 2023-01-10 22:17:07.830 [main] Log - New Tab Opened
[INFO ] 2023-01-10 22:17:08.863 [main] Log - prince.ali23k@gmail.com
[INFO ] 2023-01-10 22:17:08.872 [main] Log - p@ssword1
[INFO ] 2023-01-10 22:17:09.079 [main] Log - New Tab Opened
[INFO ] 2023-01-10 22:17:10.113 [main] Log - prince.ali23k@gmail.com
[INFO ] 2023-01-10 22:17:10.122 [main] Log - p@ssword1
[INFO ] 2023-01-10 22:22:01.107 [main] Log - Launching Firefox
[INFO ] 2023-01-10 22:22:01.794 [main] Log - https://www.facebook.com/
[INFO ] 2023-01-10 22:22:02.688 [main] Log - New Tab Opened
[INFO ] 2023-01-10 22:22:03.728 [main] Log - prince.ali23k@gmail.com
[INFO ] 2023-01-10 22:22:03.738 [main] Log - p@ssword1
[INFO ] 2023-01-10 22:22:04.030 [main] Log - New Tab Opened
[INFO ] 2023-01-10 22:22:05.072 [main] Log - prince.ali23k@gmail.com
[INFO ] 2023-01-10 22:22:05.081 [main] Log - p@ssword1
[INFO ] 2023-01-10 22:24:06.316 [main] Log - Launching Firefox
[INFO ] 2023-01-10 22:24:06.812 [main] Log - https://www.facebook.com/
[INFO ] 2023-01-10 22:24:07.582 [main] Log - New Tab Opened
[INFO ] 2023-01-10 22:24:08.616 [main] Log - prince.ali23k@gmail.com
[INFO ] 2023-01-10 22:24:08.625 [main] Log - p@ssword1
[INFO ] 2023-01-10 22:24:08.875 [main] Log - New Tab Opened
[INFO ] 2023-01-10 22:24:09.905 [main] Log - prince.ali23k@gmail.com
[INFO ] 2023-01-10 22:24:09.914 [main] Log - p@ssword1
[INFO ] 2023-01-10 22:53:03.556 [main] Log - Launching Firefox
[INFO ] 2023-01-10 22:53:04.196 [main] Log - https://www.facebook.com/
[INFO ] 2023-01-10 22:53:04.987 [main] Log - New Tab Opened
[INFO ] 2023-01-10 22:53:06.023 [main] Log - prince.ali23k@gmail.com
[INFO ] 2023-01-10 22:53:06.031 [main] Log - p@ssword1
[INFO ] 2023-01-10 22:53:06.233 [main] Log - New Tab Opened
[INFO ] 2023-01-10 22:53:07.266 [main] Log - prince.ali23k@gmail.com
[INFO ] 2023-01-10 22:53:07.275 [main] Log - p@ssword1
[INFO ] 2023-01-10 22:58:19.721 [main] Log - Launching Firefox
[INFO ] 2023-01-10 22:58:21.393 [main] Log - https://www.facebook.com/
[INFO ] 2023-01-10 22:58:22.255 [main] Log - New Tab Opened
[INFO ] 2023-01-10 22:58:23.298 [main] Log - prince.ali23k@gmail.com
[INFO ] 2023-01-10 22:58:23.310 [main] Log - p@ssword1
[INFO ] 2023-01-10 22:58:23.552 [main] Log - New Tab Opened
[INFO ] 2023-01-10 22:58:24.585 [main] Log - prince.ali23k@gmail.com
[INFO ] 2023-01-10 22:58:24.594 [main] Log - p@ssword1
[INFO ] 2023-01-10 22:58:57.218 [main] Log - Launching Firefox
[INFO ] 2023-01-10 22:58:57.586 [main] Log - https://www.facebook.com/
[INFO ] 2023-01-10 22:58:57.967 [main] Log - New Tab Opened
[INFO ] 2023-01-10 22:58:59.008 [main] Log - prince.ali23k@gmail.com
[INFO ] 2023-01-10 22:58:59.018 [main] Log - p@ssword1
[INFO ] 2023-01-10 22:58:59.227 [main] Log - New Tab Opened
[INFO ] 2023-01-10 22:59:00.262 [main] Log - prince.ali23k@gmail.com
[INFO ] 2023-01-10 22:59:00.272 [main] Log - p@ssword1
[INFO ] 2023-01-10 23:08:20.590 [main] Log - Launching Firefox
[INFO ] 2023-01-10 23:08:21.049 [main] Log - https://www.facebook.com/
[INFO ] 2023-01-10 23:08:21.384 [main] Log - New Tab Opened
[INFO ] 2023-01-10 23:11:55.604 [main] Log - Launching Firefox
[INFO ] 2023-01-10 23:11:56.037 [main] Log - https://www.facebook.com/
[INFO ] 2023-01-10 23:11:56.496 [main] Log - New Tab Opened
[INFO ] 2023-01-10 23:11:57.545 [main] Log - prince.ali23k@gmail.com
[INFO ] 2023-01-10 23:11:57.556 [main] Log - p@ssword1
[INFO ] 2023-01-10 23:11:57.952 [main] Log - New Tab Opened
[INFO ] 2023-01-10 23:11:58.997 [main] Log - prince.ali23k@gmail.com
[INFO ] 2023-01-10 23:11:59.008 [main] Log - p@ssword1
[INFO ] 2023-01-10 23:12:38.494 [main] Log - Launching Firefox
[INFO ] 2023-01-10 23:12:39.043 [main] Log - https://www.facebook.com/
[INFO ] 2023-01-10 23:12:39.344 [main] Log - New Tab Opened
[INFO ] 2023-01-10 23:12:40.383 [main] Log - prince.ali23k@gmail.com
[INFO ] 2023-01-10 23:12:40.392 [main] Log - p@ssword1
[INFO ] 2023-01-10 23:13:10.312 [main] Log - Launching Firefox
[INFO ] 2023-01-10 23:13:10.741 [main] Log - https://www.facebook.com/
[INFO ] 2023-01-10 23:13:11.065 [main] Log - New Tab Opened
[INFO ] 2023-01-10 23:13:12.617 [main] Log - prince.ali23k@gmail.com
[INFO ] 2023-01-10 23:13:12.629 [main] Log - p@ssword1
[INFO ] 2023-01-10 23:13:12.900 [main] Log - New Tab Opened
[INFO ] 2023-01-10 23:13:14.450 [main] Log - prince.ali23k@gmail.com
[INFO ] 2023-01-10 23:13:14.459 [main] Log - p@ssword1
[INFO ] 2023-01-10 23:13:30.353 [main] Log - Launching Firefox
[INFO ] 2023-01-10 23:13:30.707 [main] Log - https://www.facebook.com/
[INFO ] 2023-01-10 23:13:31.055 [main] Log - New Tab Opened
[INFO ] 2023-01-10 23:13:33.606 [main] Log - prince.ali23k@gmail.com
[INFO ] 2023-01-10 23:13:33.615 [main] Log - p@ssword1
[INFO ] 2023-01-10 23:13:33.859 [main] Log - New Tab Opened
[INFO ] 2023-01-10 23:13:36.403 [main] Log - prince.ali23k@gmail.com
[INFO ] 2023-01-10 23:13:36.412 [main] Log - p@ssword1
[INFO ] 2023-01-10 23:13:51.994 [main] Log - Launching Firefox
[INFO ] 2023-01-10 23:13:52.427 [main] Log - https://www.facebook.com/
[INFO ] 2023-01-10 23:13:52.758 [main] Log - New Tab Opened
[INFO ] 2023-01-10 23:13:53.044 [main] Log - prince.ali23k@gmail.com
[INFO ] 2023-01-10 23:13:53.053 [main] Log - p@ssword1
[INFO ] 2023-01-10 23:13:53.332 [main] Log - New Tab Opened
[INFO ] 2023-01-10 23:13:53.606 [main] Log - prince.ali23k@gmail.com
[INFO ] 2023-01-10 23:13:53.614 [main] Log - p@ssword1
[INFO ] 2023-01-10 23:22:09.786 [main] Log - Launching Firefox
[INFO ] 2023-01-10 23:22:10.211 [main] Log - https://www.facebook.com/
[INFO ] 2023-01-10 23:27:52.847 [main] Log - Launching Firefox
[INFO ] 2023-01-10 23:27:53.430 [main] Log - https://www.facebook.com/
[INFO ] 2023-01-10 23:27:53.757 [main] Log - New Tab Opened
[INFO ] 2023-01-10 23:27:54.039 [main] Log - prince.ali23k@gmail.com
[INFO ] 2023-01-10 23:27:54.049 [main] Log - p@ssword1
[INFO ] 2023-01-10 23:27:54.287 [main] Log - New Tab Opened
[INFO ] 2023-01-10 23:27:54.579 [main] Log - prince.ali23k@gmail.com
[INFO ] 2023-01-10 23:27:54.591 [main] Log - p@ssword1
[INFO ] 2023-01-10 23:28:07.796 [main] Log - Launching Firefox
[INFO ] 2023-01-10 23:28:08.184 [main] Log - https://www.facebook.com/
[INFO ] 2023-01-10 23:28:08.520 [main] Log - New Tab Opened
[INFO ] 2023-01-10 23:28:09.565 [main] Log - prince.ali23k@gmail.com
[INFO ] 2023-01-10 23:28:09.574 [main] Log - p@ssword1
[INFO ] 2023-01-10 23:28:09.767 [main] Log - New Tab Opened
[INFO ] 2023-01-10 23:28:10.800 [main] Log - prince.ali23k@gmail.com
[INFO ] 2023-01-10 23:28:10.808 [main] Log - p@ssword1
[INFO ] 2023-01-11 13:42:37.964 [main] Log - Launching Firefox
[INFO ] 2023-01-11 13:42:38.441 [main] Log - https://www.facebook.com/
[INFO ] 2023-01-11 13:42:38.461 [main] Log - prince.ali23k@gmail.com p@ssword1
[INFO ] 2023-01-11 13:42:38.463 [main] Log - testcase1.com p@ssword1
[INFO ] 2023-01-11 13:42:38.465 [main] Log - testcase2@icloud p@ssword1
[INFO ] 2023-01-11 13:50:45.582 [main] Log - Launching Firefox
[INFO ] 2023-01-11 13:50:46.065 [main] Log - https://www.facebook.com/
[INFO ] 2023-01-11 13:50:46.393 [main] Log - New Tab Opened
[INFO ] 2023-01-11 13:50:48.941 [main] Log - prince.ali23k@gmail.com
[INFO ] 2023-01-11 13:50:48.952 [main] Log - p@ssword1
[INFO ] 2023-01-11 13:50:49.235 [main] Log - New Tab Opened
[INFO ] 2023-01-11 13:50:51.783 [main] Log - prince.ali23k@gmail.com
[INFO ] 2023-01-11 13:50:51.792 [main] Log - p@ssword1
[INFO ] 2023-01-11 13:50:51.803 [main] Log - prince.ali23k@gmail.com p@ssword1
[INFO ] 2023-01-11 13:50:51.983 [main] Log - New Tab Opened
[INFO ] 2023-01-11 13:50:54.517 [main] Log - testcase1.com
[INFO ] 2023-01-11 13:50:54.527 [main] Log - p@ssword1
[INFO ] 2023-01-11 13:50:54.705 [main] Log - New Tab Opened
[INFO ] 2023-01-11 13:50:57.251 [main] Log - testcase1.com
[INFO ] 2023-01-11 13:50:57.263 [main] Log - p@ssword1
[INFO ] 2023-01-11 13:50:57.273 [main] Log - testcase1.com p@ssword1
[INFO ] 2023-01-11 13:50:57.458 [main] Log - New Tab Opened
[INFO ] 2023-01-11 13:51:00.002 [main] Log - testcase2@icloud
[INFO ] 2023-01-11 13:51:00.013 [main] Log - p@ssword1
[INFO ] 2023-01-11 13:51:00.203 [main] Log - New Tab Opened
[INFO ] 2023-01-11 13:51:02.746 [main] Log - testcase2@icloud
[INFO ] 2023-01-11 13:51:02.758 [main] Log - p@ssword1
[INFO ] 2023-01-11 13:51:02.770 [main] Log - testcase2@icloud p@ssword1
[INFO ] 2023-01-11 14:29:54.306 [main] Log - Launching Firefox
[INFO ] 2023-01-11 14:29:54.866 [main] Log - https://www.facebook.com/
[INFO ] 2023-01-11 14:29:55.203 [main] Log - New Tab Opened
[INFO ] 2023-01-11 14:29:57.761 [main] Log - prince.ali23k@gmail.com
[INFO ] 2023-01-11 14:29:57.771 [main] Log - p@ssword1
[INFO ] 2023-01-11 14:29:57.997 [main] Log - New Tab Opened
[INFO ] 2023-01-11 14:30:00.544 [main] Log - prince.ali23k@gmail.com
[INFO ] 2023-01-11 14:30:00.553 [main] Log - p@ssword1
[INFO ] 2023-01-11 14:30:00.554 [main] Log - prince.ali23k@gmail.com p@ssword1
[INFO ] 2023-01-11 14:30:19.286 [main] Log - Launching Firefox
[INFO ] 2023-01-11 14:30:19.726 [main] Log - https://www.facebook.com/
[INFO ] 2023-01-11 14:30:20.020 [main] Log - New Tab Opened
[INFO ] 2023-01-11 14:30:22.572 [main] Log - prince.ali23k@gmail.com
[INFO ] 2023-01-11 14:30:22.582 [main] Log - p@ssword1
[INFO ] 2023-01-11 14:30:22.811 [main] Log - New Tab Opened
[INFO ] 2023-01-11 14:30:25.362 [main] Log - prince.ali23k@gmail.com
[INFO ] 2023-01-11 14:30:25.371 [main] Log - p@ssword1
[INFO ] 2023-01-11 14:30:25.372 [main] Log - prince.ali23k@gmail.com p@ssword1
[INFO ] 2023-01-11 14:30:25.574 [main] Log - New Tab Opened
[INFO ] 2023-01-11 14:30:28.111 [main] Log - testcase1.com
[INFO ] 2023-01-11 14:30:28.122 [main] Log - p@ssword1
[INFO ] 2023-01-11 14:30:28.313 [main] Log - New Tab Opened
[INFO ] 2023-01-11 14:30:30.845 [main] Log - testcase1.com
[INFO ] 2023-01-11 14:30:30.855 [main] Log - p@ssword1
[INFO ] 2023-01-11 14:30:30.856 [main] Log - testcase1.com p@ssword1
[INFO ] 2023-01-11 14:30:31.029 [main] Log - New Tab Opened
[INFO ] 2023-01-11 14:30:33.577 [main] Log - testcase2@icloud
[INFO ] 2023-01-11 14:30:33.586 [main] Log - p@ssword1
[INFO ] 2023-01-11 14:30:33.771 [main] Log - New Tab Opened
[INFO ] 2023-01-11 14:30:36.323 [main] Log - testcase2@icloud
[INFO ] 2023-01-11 14:30:36.334 [main] Log - p@ssword1
[INFO ] 2023-01-11 14:30:36.335 [main] Log - testcase2@icloud p@ssword1
[INFO ] 2023-01-11 14:34:22.731 [main] Log - Launching Firefox
[INFO ] 2023-01-11 14:34:23.196 [main] Log - https://www.facebook.com/
[INFO ] 2023-01-11 14:34:23.509 [main] Log - New Tab Opened
[INFO ] 2023-01-11 14:34:26.052 [main] Log - prince.ali23k@gmail.com
[INFO ] 2023-01-11 14:34:26.063 [main] Log - p@ssword1
[INFO ] 2023-01-11 14:34:26.295 [main] Log - New Tab Opened
[INFO ] 2023-01-11 14:34:28.845 [main] Log - prince.ali23k@gmail.com
[INFO ] 2023-01-11 14:34:28.854 [main] Log - p@ssword1
[INFO ] 2023-01-11 14:34:28.862 [main] Log - prince.ali23k@gmail.com p@ssword1
[INFO ] 2023-01-11 14:34:29.055 [main] Log - New Tab Opened
[INFO ] 2023-01-11 14:34:31.599 [main] Log - testcase1.com
[INFO ] 2023-01-11 14:34:31.610 [main] Log - p@ssword1
[INFO ] 2023-01-11 14:34:31.915 [main] Log - New Tab Opened
[INFO ] 2023-01-11 14:34:34.458 [main] Log - testcase1.com
[INFO ] 2023-01-11 14:34:34.469 [main] Log - p@ssword1
[INFO ] 2023-01-11 14:34:34.478 [main] Log - testcase1.com p@ssword1
[INFO ] 2023-01-11 14:34:34.669 [main] Log - New Tab Opened
[INFO ] 2023-01-11 14:34:37.209 [main] Log - testcase2@icloud
[INFO ] 2023-01-11 14:34:37.219 [main] Log - p@ssword1
[INFO ] 2023-01-11 14:34:37.414 [main] Log - New Tab Opened
[INFO ] 2023-01-11 14:34:39.953 [main] Log - testcase2@icloud
[INFO ] 2023-01-11 14:34:39.963 [main] Log - p@ssword1
[INFO ] 2023-01-11 14:34:39.970 [main] Log - testcase2@icloud p@ssword1
[INFO ] 2023-01-11 14:40:47.621 [main] Log - Launching Firefox
[INFO ] 2023-01-11 14:40:48.103 [main] Log - https://www.facebook.com/
[INFO ] 2023-01-11 14:40:48.420 [main] Log - prince.ali23k@gmail.com
[INFO ] 2023-01-11 14:40:48.431 [main] Log - p@ssword1
[INFO ] 2023-01-11 14:40:48.617 [main] Log - prince.ali23k@gmail.com
[INFO ] 2023-01-11 14:40:48.626 [main] Log - p@ssword1
[INFO ] 2023-01-11 14:40:48.628 [main] Log - prince.ali23k@gmail.com p@ssword1
[INFO ] 2023-01-11 14:40:48.807 [main] Log - testcase1.com
[INFO ] 2023-01-11 14:40:48.815 [main] Log - p@ssword1
[INFO ] 2023-01-11 14:40:48.985 [main] Log - testcase1.com
[INFO ] 2023-01-11 14:40:48.995 [main] Log - p@ssword1
[INFO ] 2023-01-11 14:40:48.998 [main] Log - testcase1.com p@ssword1
[INFO ] 2023-01-11 14:40:49.185 [main] Log - testcase2@icloud
[INFO ] 2023-01-11 14:40:49.193 [main] Log - p@ssword1
[INFO ] 2023-01-11 14:40:49.369 [main] Log - testcase2@icloud
[INFO ] 2023-01-11 14:40:49.377 [main] Log - p@ssword1
[INFO ] 2023-01-11 14:40:49.380 [main] Log - testcase2@icloud p@ssword1
[INFO ] 2023-01-11 14:41:19.491 [main] Log - Launching Firefox
[INFO ] 2023-01-11 14:41:20.052 [main] Log - https://www.facebook.com/
[INFO ] 2023-01-11 14:41:20.286 [main] Log - prince.ali23k@gmail.com
[INFO ] 2023-01-11 14:41:20.300 [main] Log - p@ssword1
[INFO ] 2023-01-11 14:41:20.487 [main] Log - prince.ali23k@gmail.com
[INFO ] 2023-01-11 14:41:20.496 [main] Log - p@ssword1
[INFO ] 2023-01-11 14:41:20.499 [main] Log - prince.ali23k@gmail.com p@ssword1
[INFO ] 2023-01-11 14:41:20.654 [main] Log - testcase1.com
[INFO ] 2023-01-11 14:41:20.666 [main] Log - p@ssword1
[INFO ] 2023-01-11 14:41:20.831 [main] Log - testcase1.com
[INFO ] 2023-01-11 14:41:20.839 [main] Log - p@ssword1
[INFO ] 2023-01-11 14:41:20.842 [main] Log - testcase1.com p@ssword1
[INFO ] 2023-01-11 14:41:20.979 [main] Log - testcase2@icloud
[INFO ] 2023-01-11 14:41:20.985 [main] Log - p@ssword1
[INFO ] 2023-01-11 14:41:21.130 [main] Log - testcase2@icloud
[INFO ] 2023-01-11 14:41:21.137 [main] Log - p@ssword1
[INFO ] 2023-01-11 14:41:21.140 [main] Log - testcase2@icloud p@ssword1
[INFO ] 2023-01-11 15:00:54.402 [main] Log - Launching Firefox
[INFO ] 2023-01-11 15:00:55.648 [main] Log - https://www.facebook.com/
[INFO ] 2023-01-11 15:00:55.920 [main] Log - prince.ali23k@gmail.com
[INFO ] 2023-01-11 15:00:55.930 [main] Log - p@ssword1
[INFO ] 2023-01-11 15:00:56.119 [main] Log - prince.ali23k@gmail.com
[INFO ] 2023-01-11 15:00:56.127 [main] Log - p@ssword1
[INFO ] 2023-01-11 15:00:56.127 [main] Log - prince.ali23k@gmail.com p@ssword1
[INFO ] 2023-01-11 15:00:56.280 [main] Log - testcase1.com
[INFO ] 2023-01-11 15:00:56.288 [main] Log - p@ssword1
[INFO ] 2023-01-11 15:00:56.433 [main] Log - testcase1.com
[INFO ] 2023-01-11 15:00:56.441 [main] Log - p@ssword1
[INFO ] 2023-01-11 15:00:56.441 [main] Log - testcase1.com p@ssword1
[INFO ] 2023-01-11 15:00:56.580 [main] Log - testcase2@icloud
[INFO ] 2023-01-11 15:00:56.587 [main] Log - p@ssword1
[INFO ] 2023-01-11 15:00:56.746 [main] Log - testcase2@icloud
[INFO ] 2023-01-11 15:00:56.756 [main] Log - p@ssword1
[INFO ] 2023-01-11 15:00:56.756 [main] Log - testcase2@icloud p@ssword1
[INFO ] 2023-01-13 17:17:05.443 [main] Log - Launching Firefox
[INFO ] 2023-01-13 17:17:06.156 [main] Log - https://www.facebook.com/
[INFO ] 2023-01-13 17:17:06.350 [main] Log - prince.ali23k@gmail.com
[INFO ] 2023-01-13 17:17:06.364 [main] Log - p@ssword1
[INFO ] 2023-01-13 17:17:06.549 [main] Log - prince.ali23k@gmail.com
[INFO ] 2023-01-13 17:17:06.559 [main] Log - p@ssword1
[INFO ] 2023-01-13 17:17:06.559 [main] Log - prince.ali23k@gmail.com p@ssword1
[INFO ] 2023-01-13 17:17:06.732 [main] Log - testcase1.com
[INFO ] 2023-01-13 17:17:06.743 [main] Log - p@ssword1
[INFO ] 2023-01-13 17:17:06.901 [main] Log - testcase1.com
[INFO ] 2023-01-13 17:17:06.910 [main] Log - p@ssword1
[INFO ] 2023-01-13 17:17:06.911 [main] Log - testcase1.com p@ssword1
[INFO ] 2023-01-13 17:17:07.066 [main] Log - testcase2@icloud
[INFO ] 2023-01-13 17:17:07.076 [main] Log - p@ssword1
[INFO ] 2023-01-13 17:17:07.244 [main] Log - testcase2@icloud
[INFO ] 2023-01-13 17:17:07.251 [main] Log - p@ssword1
[INFO ] 2023-01-13 17:17:07.251 [main] Log - testcase2@icloud p@ssword1
[INFO ] 2023-01-13 17:24:01.531 [main] Log - Launching Firefox
[INFO ] 2023-01-13 17:24:02.024 [main] Log - https://www.facebook.com/
[INFO ] 2023-01-13 17:24:02.258 [main] Log - prince.ali23k@gmail.com
[INFO ] 2023-01-13 17:24:02.275 [main] Log - p@ssword1
[INFO ] 2023-01-13 17:24:02.495 [main] Log - prince.ali23k@gmail.com
[INFO ] 2023-01-13 17:24:02.509 [main] Log - p@ssword1
[INFO ] 2023-01-13 17:24:02.509 [main] Log - prince.ali23k@gmail.com p@ssword1
[INFO ] 2023-01-13 17:24:02.700 [main] Log - testcase1.com
[INFO ] 2023-01-13 17:24:02.716 [main] Log - p@ssword1
[INFO ] 2023-01-13 17:24:02.905 [main] Log - testcase1.com
[INFO ] 2023-01-13 17:24:02.916 [main] Log - p@ssword1
[INFO ] 2023-01-13 17:24:02.916 [main] Log - testcase1.com p@ssword1
[INFO ] 2023-01-13 17:24:03.109 [main] Log - testcase2@icloud
[INFO ] 2023-01-13 17:24:03.118 [main] Log - p@ssword1
[INFO ] 2023-01-13 17:24:03.332 [main] Log - testcase2@icloud
[INFO ] 2023-01-13 17:24:03.341 [main] Log - p@ssword1
[INFO ] 2023-01-13 17:24:03.341 [main] Log - testcase2@icloud p@ssword1
[INFO ] 2023-01-14 16:00:04.638 [main] Log - Launching Firefox
[INFO ] 2023-01-14 16:00:05.384 [main] Log - https://www.facebook.com/
[INFO ] 2023-01-14 16:00:05.735 [main] Log - prince.ali23k@gmail.com
[INFO ] 2023-01-14 16:00:05.744 [main] Log - p@ssword1
[INFO ] 2023-01-14 16:00:06.116 [main] Log - prince.ali23k@gmail.com
[INFO ] 2023-01-14 16:00:06.123 [main] Log - p@ssword1
[INFO ] 2023-01-14 16:00:06.123 [main] Log - prince.ali23k@gmail.com p@ssword1
[INFO ] 2023-01-14 16:00:06.398 [main] Log - testcase1.com
[INFO ] 2023-01-14 16:00:06.410 [main] Log - p@ssword1
[INFO ] 2023-01-14 16:00:06.701 [main] Log - testcase1.com
[INFO ] 2023-01-14 16:00:06.711 [main] Log - p@ssword1
[INFO ] 2023-01-14 16:00:06.711 [main] Log - testcase1.com p@ssword1
[INFO ] 2023-01-14 16:00:06.890 [main] Log - testcase2@icloud
[INFO ] 2023-01-14 16:00:06.899 [main] Log - p@ssword1
[INFO ] 2023-01-14 16:00:07.225 [main] Log - testcase2@icloud
[INFO ] 2023-01-14 16:00:07.231 [main] Log - p@ssword1
[INFO ] 2023-01-14 16:00:07.231 [main] Log - testcase2@icloud p@ssword1
[INFO ] 2023-01-14 16:03:04.746 [main] Log - Launching Firefox
[INFO ] 2023-01-14 16:03:05.528 [main] Log - https://www.facebook.com/
[INFO ] 2023-01-14 16:03:05.842 [main] Log - prince.ali23k@gmail.com
[INFO ] 2023-01-14 16:03:05.850 [main] Log - p@ssword1
[INFO ] 2023-01-14 16:03:06.091 [main] Log - prince.ali23k@gmail.com
[INFO ] 2023-01-14 16:03:06.102 [main] Log - p@ssword1
[INFO ] 2023-01-14 16:03:06.102 [main] Log - prince.ali23k@gmail.com p@ssword1
[INFO ] 2023-01-14 16:03:06.462 [main] Log - testcase1.com
[INFO ] 2023-01-14 16:03:06.471 [main] Log - p@ssword1
[INFO ] 2023-01-14 16:03:06.748 [main] Log - testcase1.com
[INFO ] 2023-01-14 16:03:06.755 [main] Log - p@ssword1
[INFO ] 2023-01-14 16:03:06.756 [main] Log - testcase1.com p@ssword1
[INFO ] 2023-01-14 16:03:07.059 [main] Log - testcase2@icloud
[INFO ] 2023-01-14 16:03:07.067 [main] Log - p@ssword1
[INFO ] 2023-01-14 16:03:07.408 [main] Log - testcase2@icloud
[INFO ] 2023-01-14 16:03:07.417 [main] Log - p@ssword1
[INFO ] 2023-01-14 16:03:07.417 [main] Log - testcase2@icloud p@ssword1
[INFO ] 2023-01-14 16:10:15.618 [main] Log - Launching Firefox
[INFO ] 2023-01-14 16:10:16.724 [main] Log - https://www.facebook.com/
[INFO ] 2023-01-14 16:10:16.997 [main] Log - prince.ali23k@gmail.com
[INFO ] 2023-01-14 16:10:17.005 [main] Log - p@ssword1
[INFO ] 2023-01-14 16:10:17.352 [main] Log - prince.ali23k@gmail.com
[INFO ] 2023-01-14 16:10:17.361 [main] Log - p@ssword1
[INFO ] 2023-01-14 16:10:17.361 [main] Log - prince.ali23k@gmail.com p@ssword1
[INFO ] 2023-01-14 16:10:17.562 [main] Log - testcase1.com
[INFO ] 2023-01-14 16:10:17.572 [main] Log - p@ssword1
[INFO ] 2023-01-14 16:10:17.834 [main] Log - testcase1.com
[INFO ] 2023-01-14 16:10:17.842 [main] Log - p@ssword1
[INFO ] 2023-01-14 16:10:17.842 [main] Log - testcase1.com p@ssword1
[INFO ] 2023-01-14 16:10:18.043 [main] Log - testcase2@icloud
[INFO ] 2023-01-14 16:10:18.051 [main] Log - p@ssword1
[INFO ] 2023-01-14 16:10:18.365 [main] Log - testcase2@icloud
[INFO ] 2023-01-14 16:10:18.376 [main] Log - p@ssword1
[INFO ] 2023-01-14 16:10:18.376 [main] Log - testcase2@icloud p@ssword1
[INFO ] 2023-01-14 16:10:26.965 [main] Log - Launching Firefox
[INFO ] 2023-01-14 16:10:27.320 [main] Log - Launching Firefox
[INFO ] 2023-01-14 16:10:27.864 [main] Log - https://www.facebook.com/
[INFO ] 2023-01-14 16:10:28.080 [main] Log - https://www.facebook.com/
[INFO ] 2023-01-14 16:10:28.229 [main] Log - prince.ali23k@gmail.com
[INFO ] 2023-01-14 16:10:28.249 [main] Log - p@ssword1
[INFO ] 2023-01-14 16:10:28.413 [main] Log - prince.ali23k@gmail.com
[INFO ] 2023-01-14 16:10:28.421 [main] Log - p@ssword1
[INFO ] 2023-01-14 16:10:28.535 [main] Log - prince.ali23k@gmail.com
[INFO ] 2023-01-14 16:10:28.550 [main] Log - p@ssword1
[INFO ] 2023-01-14 16:10:28.551 [main] Log - prince.ali23k@gmail.com p@ssword1
[INFO ] 2023-01-14 16:10:28.668 [main] Log - prince.ali23k@gmail.com
[INFO ] 2023-01-14 16:10:28.679 [main] Log - p@ssword1
[INFO ] 2023-01-14 16:10:28.679 [main] Log - prince.ali23k@gmail.com p@ssword1
[INFO ] 2023-01-14 16:10:28.877 [main] Log - testcase1.com
[INFO ] 2023-01-14 16:10:28.886 [main] Log - p@ssword1
[INFO ] 2023-01-14 16:10:29.043 [main] Log - testcase1.com
[INFO ] 2023-01-14 16:10:29.053 [main] Log - p@ssword1
[INFO ] 2023-01-14 16:10:29.072 [main] Log - testcase1.com
[INFO ] 2023-01-14 16:10:29.079 [main] Log - p@ssword1
[INFO ] 2023-01-14 16:10:29.079 [main] Log - testcase1.com p@ssword1
[INFO ] 2023-01-14 16:10:29.371 [main] Log - testcase1.com
[INFO ] 2023-01-14 16:10:29.372 [main] Log - testcase2@icloud
[INFO ] 2023-01-14 16:10:29.384 [main] Log - p@ssword1
[INFO ] 2023-01-14 16:10:29.385 [main] Log - p@ssword1
[INFO ] 2023-01-14 16:10:29.385 [main] Log - testcase1.com p@ssword1
[INFO ] 2023-01-14 16:10:29.568 [main] Log - testcase2@icloud
[INFO ] 2023-01-14 16:10:29.576 [main] Log - p@ssword1
[INFO ] 2023-01-14 16:10:29.576 [main] Log - testcase2@icloud p@ssword1
[INFO ] 2023-01-14 16:10:29.577 [main] Log - testcase2@icloud
[INFO ] 2023-01-14 16:10:29.589 [main] Log - p@ssword1
[INFO ] 2023-01-14 16:10:29.894 [main] Log - testcase2@icloud
[INFO ] 2023-01-14 16:10:29.903 [main] Log - p@ssword1
[INFO ] 2023-01-14 16:10:29.904 [main] Log - testcase2@icloud p@ssword1
[INFO ] 2023-01-14 20:16:14.916 [main] Log - Launching Firefox
[INFO ] 2023-01-14 20:16:15.528 [main] Log - https://www.facebook.com/
[INFO ] 2023-01-14 20:16:15.792 [main] Log - prince.ali23k@gmail.com
[INFO ] 2023-01-14 20:16:15.806 [main] Log - p@ssword1
[INFO ] 2023-01-14 20:16:16.000 [main] Log - prince.ali23k@gmail.com
[INFO ] 2023-01-14 20:16:16.006 [main] Log - p@ssword1
[INFO ] 2023-01-14 20:16:16.006 [main] Log - prince.ali23k@gmail.com p@ssword1
[INFO ] 2023-01-14 20:16:16.176 [main] Log - testcase1.com
[INFO ] 2023-01-14 20:16:16.184 [main] Log - p@ssword1
[INFO ] 2023-01-14 20:16:16.354 [main] Log - testcase1.com
[INFO ] 2023-01-14 20:16:16.362 [main] Log - p@ssword1
[INFO ] 2023-01-14 20:16:16.362 [main] Log - testcase1.com p@ssword1
[INFO ] 2023-01-14 20:16:16.533 [main] Log - testcase2@icloud
[INFO ] 2023-01-14 20:16:16.540 [main] Log - p@ssword1
[INFO ] 2023-01-14 20:16:16.705 [main] Log - testcase2@icloud
[INFO ] 2023-01-14 20:16:16.716 [main] Log - p@ssword1
[INFO ] 2023-01-14 20:16:16.716 [main] Log - testcase2@icloud p@ssword1
[INFO ] 2023-01-15 12:55:53.346 [main] Log - Launching Firefox
[INFO ] 2023-01-15 12:55:54.138 [main] Log - https://www.facebook.com/
[INFO ] 2023-01-15 12:55:54.705 [main] Log - prince.ali23k@gmail.com
[INFO ] 2023-01-15 12:55:54.713 [main] Log - p@ssword1
[INFO ] 2023-01-15 12:55:54.890 [main] Log - prince.ali23k@gmail.com
[INFO ] 2023-01-15 12:55:54.898 [main] Log - p@ssword1
[INFO ] 2023-01-15 12:55:54.898 [main] Log - prince.ali23k@gmail.com p@ssword1
[INFO ] 2023-01-15 12:55:55.354 [main] Log - testcase1.com
[INFO ] 2023-01-15 12:55:55.362 [main] Log - p@ssword1
[INFO ] 2023-01-15 12:55:55.691 [main] Log - testcase1.com
[INFO ] 2023-01-15 12:55:55.699 [main] Log - p@ssword1
[INFO ] 2023-01-15 12:55:55.699 [main] Log - testcase1.com p@ssword1
[INFO ] 2023-01-15 12:55:55.856 [main] Log - testcase2@icloud
[INFO ] 2023-01-15 12:55:55.864 [main] Log - p@ssword1
[INFO ] 2023-01-15 12:55:56.019 [main] Log - testcase2@icloud
[INFO ] 2023-01-15 12:55:56.031 [main] Log - p@ssword1
[INFO ] 2023-01-15 12:55:56.031 [main] Log - testcase2@icloud p@ssword1
[INFO ] 2023-01-17 20:41:02.830 [main] Log - Launching Firefox
[INFO ] 2023-01-17 20:41:03.462 [main] Log - https://www.facebook.com/
[INFO ] 2023-01-17 20:41:03.816 [main] Log - prince.ali23k@gmail.com
[INFO ] 2023-01-17 20:41:03.825 [main] Log - p@ssword1
[INFO ] 2023-01-17 20:41:04.116 [main] Log - prince.ali23k@gmail.com
[INFO ] 2023-01-17 20:41:04.123 [main] Log - p@ssword1
[INFO ] 2023-01-17 20:41:04.123 [main] Log - prince.ali23k@gmail.com p@ssword1
[INFO ] 2023-01-17 20:41:04.443 [main] Log - testcase1.com
[INFO ] 2023-01-17 20:41:04.455 [main] Log - p@ssword1
[INFO ] 2023-01-17 20:41:04.740 [main] Log - testcase1.com
[INFO ] 2023-01-17 20:41:04.748 [main] Log - p@ssword1
[INFO ] 2023-01-17 20:41:04.748 [main] Log - testcase1.com p@ssword1
[INFO ] 2023-01-17 20:41:05.029 [main] Log - testcase2@icloud
[INFO ] 2023-01-17 20:41:05.036 [main] Log - p@ssword1
[INFO ] 2023-01-17 20:41:05.324 [main] Log - testcase2@icloud
[INFO ] 2023-01-17 20:41:05.332 [main] Log - p@ssword1
[INFO ] 2023-01-17 20:41:05.332 [main] Log - testcase2@icloud p@ssword1
[INFO ] 2023-01-17 20:42:40.964 [main] Log - Launching Firefox
[INFO ] 2023-01-17 20:42:41.464 [main] Log - https://www.facebook.com/
[INFO ] 2023-01-17 20:43:03.920 [main] Log - Launching Firefox
[INFO ] 2023-01-17 20:43:04.384 [main] Log - https://www.facebook.com/